GTA SA 1.0.0.0 US
Unhandled exception at 0x00000000 in gta_sa.exe: 0xC0000005: Access violation reading location 0x00000000.
    Register dump:
        EAX: 0x00000000  EBX: 0x00000001  ECX: 0x179DF948  EDX: 0x00006326  
        EDI: 0x00000000  ESI: 0x179DF948  EBP: 0x0177F688  EIP: 0x00000000  
        ESP: 0x0177F61C  EFL: 0x00210202  CS: 0x00000023   SS: 0x0000002B   
        GS: 0x0000002B   FS: 0x00000053   ES: 0x0000002B   DS: 0x0000002B   
        
    Stack dump:
        0x0177F61C:  00469FF7 179DF948 179DF948 00000000 6ACAEF63 179DF948
        0x0177F634:  0046A220 00000000 00000000 0177F688 FFFFFFFF 00000011
        0x0177F64C:  0177F6C4 0083C528 FFFFFFFF 0053BFCC 018089C0 0177F708
        0x0177F664:  FFFFFFFF 93D00A8A 0177F688 6ACAE446 0053E986 6A35F75A
        0x0177F67C:  0177F708 6A35FC50 00000001 0177F6D0 6A35B8E9 0177F6DC
        0x0177F694:  017FE028 6A3B8A9C 018089C0 01FF03D4 00000001 0177F6F0
        0x0177F6AC:  68116D1A 00747EB0 0009087E 00000200 0177F698 0177F698
        0x0177F6C4:  0177F6F4 6A3B3B40 00000001 0177F6E4 6A35FC02 017FE03C
        0x0177F6DC:  00000001 0177F888 0177F700 6A35E267 0177F708 0177F888
        0x0177F6F4:  0177F868 6A3B3B58 00000000 0177F874 6A360246 6A3B89A4
        base: 0x01580000   top: 0x0177F61C   bottom: 0x01780000
        
    Backtrace (may be wrong):
        =>0x00000000 in unknown (+0x0) (0x0177F618) 
          0x00469FF7 _ZN14CRunningScript7ProcessEv+0xf7 in gta_sa.exe (+0x69ff7) (0x0177F688) 
          0x6A35B8E9 in modloader.asi (+0x1b8e9) (0x0177F6D0) 
          0x6A35FC02 in modloader.asi (+0x1fc02) (0x0177F6E4) 
          0x6A35E267 in modloader.asi (+0x1e267) (0x0177F700) 
          0x6A360246 in modloader.asi (+0x20246) (0x0177F874) 
          0x6A36013C in modloader.asi (+0x2013c) (0x0177F880) 
          0x0053ECC2 AppEventHandler+0xb2 in gta_sa.exe (+0x13ecc2) (0x0177F888) 
          0x00619B71 _RsEventHandler+0x11 in gta_sa.exe (+0x219b71) (0x0177F89C) 
          0x00748DA0 _WinMain+0x690 in gta_sa.exe (+0x348da0) (0x0177F93C) 
          0x6A35FB94 in modloader.asi (+0x1fb94) (0x0177F95C) 
          0x6A35DE46 in modloader.asi (+0x1de46) (0x0177F98C) 
          0x6A35B83B in modloader.asi (+0x1b83b) (0x0177F9E0) 
          0x6A35FBBB in modloader.asi (+0x1fbbb) (0x0177FA00) 
          0x6A35E202 in modloader.asi (+0x1e202) (0x0177FA30) 
          0x6A3607BB in modloader.asi (+0x207bb) (0x0177FBBC) 
          0x6A360188 in modloader.asi (+0x20188) (0x0177FBD4) 
          0x6A35DF18 in modloader.asi (+0x1df18) (0x0177FC04) 
          0x6A35B83B in modloader.asi (+0x1b83b) (0x0177FC58) 
        
    
