========================== Mod Loader 0.3.7 ==========================

Game version: GTA SA 1.0 US
Loading basic config file modloader/.data/config.ini

Parsing command line
Loaded menu fxt for locale 1046

Looking for plugins...
Reading plugins.ini
Loading plugin module "gta3\std.asi.dll"
Plugin module "gta3\std.asi.dll" loaded as gta3.std.asi Jan 16 2018 17:44:17 by LINK/2012
Starting up plugin "gta3.std.asi"
CLEO library version 4040400 found at "CLEO.asi"
Loading plugin module "gta3\std.bank.dll"
Plugin module "gta3\std.bank.dll" loaded as gta3.std.bank Nov 12 2016 18:52:34 by LINK/2012
Starting up plugin "gta3.std.bank"
Loading plugin module "gta3\std.data.dll"
Plugin module "gta3\std.data.dll" loaded as gta3.std.data Nov 12 2016 18:52:35 by LINK/2012
Starting up plugin "gta3.std.data"
Loading plugin module "gta3\std.fx.dll"
Plugin module "gta3\std.fx.dll" loaded as gta3.std.fx Nov 12 2016 18:52:38 by LINK/2012
Starting up plugin "gta3.std.fx"
Loading plugin module "gta3\std.movies.dll"
Plugin module "gta3\std.movies.dll" loaded as gta3.std.movies Nov 12 2016 18:52:50 by LINK/2012
Starting up plugin "gta3.std.movies"
Loading plugin module "gta3\std.scm.dll"
Plugin module "gta3\std.scm.dll" loaded as gta3.std.scm Nov 12 2016 18:53:09 by LINK/2012
Starting up plugin "gta3.std.scm"
Loading plugin module "gta3\std.sprites.dll"
Plugin module "gta3\std.sprites.dll" loaded as gta3.std.sprites Nov 12 2016 18:53:10 by LINK/2012
Starting up plugin "gta3.std.sprites"
Loading plugin module "gta3\std.stream.dll"
Plugin module "gta3\std.stream.dll" loaded as gta3.std.stream Jan 16 2018 17:44:17 by LINK/2012
Starting up plugin "gta3.std.stream"
Loading plugin module "gta3\std.text.dll"
Plugin module "gta3\std.text.dll" loaded as gta3.std.text Nov 12 2016 18:52:34 by LINK/2012
Starting up plugin "gta3.std.text"
Loading plugin module "gta3\std.tracks.dll"
Plugin module "gta3\std.tracks.dll" loaded as gta3.std.tracks Nov 12 2016 18:52:33 by LINK/2012
Starting up plugin "gta3.std.tracks"
Reading profile named "Default" at "modloader.ini".
Using profile named "Default".
Using profile named "Default"


Scanning mods at "modloader\"...

Scanning files at "modloader\mixsets\"...
Found file [0x00000001802E32BD] "MixSets.asi" with handler "gta3.std.asi"
No handler or callme for file "MixSets.ini"
No handler or callme for file "MixSets.log"

Scanning files at "modloader\open limit adjuster\"...
Found file [0x00000001C8D25DAB] "III.VC.SA.LimitAdjuster.asi" with handler "gta3.std.asi"
No handler or callme for file "III.VC.SA.LimitAdjuster.ini"

Scanning files at "modloader\proper fixes\"...
Found file [0xFFFFFFFFFFFFFFFF] "Additional Models\Loader.txt" with handler "<none>"
Found file [0x0000000C2579615B] "Additional Models\ProperFixes.ide" with handler "gta3.std.data"
Found file [0x0000000D397980D6] "Additional Models\ProperFixes.ipl" with handler "gta3.std.data"
Found file [0x00000304A13123AC] "Additional Models\Stream\ProperFixes.col" with handler "gta3.std.stream"
Found file [0xFFFFFFFFFFFFFFFF] "Additional Textures\Loader.txt" with handler "<none>"
Found file [0x00000204224927A3] "Additional Textures\lodproperf_country.txd" with handler "gta3.std.stream"
Found file [0x0000020456AD8D3A] "Additional Textures\lodproperf_la.txd" with handler "gta3.std.stream"
Found file [0x0000020438E5F900] "Additional Textures\lodproperf_sf.txd" with handler "gta3.std.stream"
Found file [0x00000204F54A19E7] "Additional Textures\lodproperf_vegas.txd" with handler "gta3.std.stream"
Found file [0x000002043269EA02] "Additional Textures\neontex.txd" with handler "gta3.std.stream"
Found file [0x00000204EC11633D] "Additional Textures\pf_nitelites.txd" with handler "gta3.std.stream"
Found file [0x0000000C0CD08D75] "Additional Textures\ProperFixesTXDP.ide" with handler "gta3.std.data"
Found file [0x00000204B5EA724A] "Additional Textures\properf_country.txd" with handler "gta3.std.stream"
Found file [0x00000204310E060C] "Additional Textures\properf_cutscene.txd" with handler "gta3.std.stream"
Found file [0x00000204B45D0AC3] "Additional Textures\properf_dynamic.txd" with handler "gta3.std.stream"
Found file [0x0000020422F5364F] "Additional Textures\properf_int.txd" with handler "gta3.std.stream"
Found file [0x000002040FD4CD8D] "Additional Textures\properf_la.txd" with handler "gta3.std.stream"
Found file [0x00000204BC08FC3E] "Additional Textures\properf_peds.txd" with handler "gta3.std.stream"
Found file [0x000002040FE89103] "Additional Textures\properf_sf.txd" with handler "gta3.std.stream"
Found file [0x000002042B8AD556] "Additional Textures\properf_vegas.txd" with handler "gta3.std.stream"
Found file [0x00000204B87FEA9B] "Avery and Candy neon and anim\pf_vegascowboy.txd" with handler "gta3.std.stream"
Found file [0x00000104347D7833] "Avery and Candy neon and anim\vegascowboy1.dff" with handler "gta3.std.stream"
Found file [0x00000104399DF461] "Avery and Candy neon and anim\vegascowboy3.dff" with handler "gta3.std.stream"
Found file [0x000001045E855A4E] "Avery and Candy neon and anim\vegcandysign1.dff" with handler "gta3.std.stream"
Found file [0x00000001DD2E6F89] "cuts.img" with handler "gta3.std.stream"
Found file [0x0000000107582702] "cutscene.img" with handler "gta3.std.stream"
Found file [0x00000001E5000E7F] "gta3.img" with handler "gta3.std.stream"
Found file [0x00000001C56E0FC4] "gta_int.img" with handler "gta3.std.stream"
Found file [0x0000000CE08E246F] "Increased Vegetation Distance\data\maps\generic\procobj.ide" with handler "gta3.std.data"
Found file [0x0000000C3390B3E0] "Increased Vegetation Distance\data\maps\generic\vegepart.ide" with handler "gta3.std.data"
Found file [0xFFFFFFFFFFFFFFFF] "Increased Vegetation Distance\data\maps\loader.txt" with handler "<none>"
Found file [0x0000000DFE7E467C] "Increased Vegetation Distance\data\maps\procobj1.ipl" with handler "gta3.std.data"
Found file [0x0000000DE1788193] "Increased Vegetation Distance\data\maps\procobj2.ipl" with handler "gta3.std.data"
Found file [0x0000000DE9659B3E] "Increased Vegetation Distance\data\maps\procobj3.ipl" with handler "gta3.std.data"
Found file [0x0000000DF87DAEBD] "Increased Vegetation Distance\data\maps\procobj4.ipl" with handler "gta3.std.data"
Found file [0x0000000D62CFE338] "Increased Vegetation Distance\data\maps\procobj5.ipl" with handler "gta3.std.data"
Found file [0x0000000D4F6D5B1F] "Increased Vegetation Distance\data\maps\procobj6.ipl" with handler "gta3.std.data"
Found file [0x000000145E3EB4DA] "Increased Vegetation Distance\data\procobj.dat" with handler "gta3.std.data"
Found file [0xFFFFFFFFFFFFFFFF] "LOD Vegetation\Loader.txt" with handler "<none>"
No handler or callme for file "LOD Vegetation\LOD Vegetation.url"
Found file [0x000003048E1D88DE] "LOD Vegetation\LODvegetation.col" with handler "gta3.std.stream"
Found file [0x0000000CBE510EC3] "LOD Vegetation\LODvegetation.ide" with handler "gta3.std.data"
Found file [0x000002049EF8D2F8] "LOD Vegetation\LODvegetation.txd" with handler "gta3.std.stream"
Found file [0x00000104E006D9F4] "LOD Vegetation\original replace\lod_redwoodgrp.dff" with handler "gta3.std.stream"
Found file [0x00000104E32017E1] "LOD Vegetation\original replace\lod_vbg_fir_co.dff" with handler "gta3.std.stream"
Found file [0x0000000CBAA63CFB] "Map\data\maps\country\countn2.ide" with handler "gta3.std.data"
Found file [0x0000000DCEA65C76] "Map\data\maps\country\countN2.IPL" with handler "gta3.std.data"
Found file [0x0000000CF9238FED] "Map\data\maps\country\countrye.ide" with handler "gta3.std.data"
Found file [0x0000000DED237CC8] "Map\data\maps\country\countryE.ipl" with handler "gta3.std.data"
Found file [0x0000000CA0570A12] "Map\data\maps\country\countryN.ide" with handler "gta3.std.data"
Found file [0x0000000DAC571D37] "Map\data\maps\country\countryN.IPL" with handler "gta3.std.data"
Found file [0x0000000C699C4873] "Map\data\maps\country\countryS.ide" with handler "gta3.std.data"
Found file [0x0000000D5D9C355E] "Map\data\maps\country\countrys.IPL" with handler "gta3.std.data"
Found file [0x0000000CFAF28DB7] "Map\data\maps\country\countryW.ide" with handler "gta3.std.data"
Found file [0x0000000D06F2A0DA] "Map\data\maps\country\countryW.IPL" with handler "gta3.std.data"
Found file [0x0000000C0154E74A] "Map\data\maps\country\counxref.ide" with handler "gta3.std.data"
Found file [0x0000000DA95B6C79] "Map\data\maps\cull.ipl" with handler "gta3.std.data"
Found file [0x0000000CB1A1D7D5] "Map\data\maps\generic\barriers.ide" with handler "gta3.std.data"
Found file [0x0000000C31E18668] "Map\data\maps\generic\dynamic.ide" with handler "gta3.std.data"
Found file [0x0000000C09D0E246] "Map\data\maps\generic\dynamic2.ide" with handler "gta3.std.data"
Found file [0x0000000C6F5FEDCB] "Map\data\maps\generic\multiobj.ide" with handler "gta3.std.data"
Found file [0x0000000CCAECF760] "Map\data\maps\generic\procobj.ide" with handler "gta3.std.data"
Found file [0x0000000C6DCE532D] "Map\data\maps\generic\vegepart.ide" with handler "gta3.std.data"
Found file [0x0000000D358196CC] "Map\data\maps\interior\gen_int1.ipl" with handler "gta3.std.data"
Found file [0x0000000C9AEA2C43] "Map\data\maps\interior\gen_int3.ide" with handler "gta3.std.data"
Found file [0x0000000CA5D1B3AD] "Map\data\maps\interior\gen_int5.ide" with handler "gta3.std.data"
Found file [0x0000000C9AA98226] "Map\data\maps\interior\gen_intb.ide" with handler "gta3.std.data"
Found file [0x0000000C2EEF8967] "Map\data\maps\interior\int_LA.ide" with handler "gta3.std.data"
Found file [0x0000000D1AEF69EA] "Map\data\maps\interior\int_LA.IPL" with handler "gta3.std.data"
Found file [0x0000000C2C28A145] "Map\data\maps\interior\int_sf.ide" with handler "gta3.std.data"
Found file [0x0000000D4028C0F0] "Map\data\maps\interior\int_SF.ipl" with handler "gta3.std.data"
Found file [0x0000000C7BEB81E4] "Map\data\maps\interior\int_veg.ide" with handler "gta3.std.data"
Found file [0x0000000D6FEB6EF1] "Map\data\maps\interior\int_veg.ipl" with handler "gta3.std.data"
Found file [0x0000000C9AAEF468] "Map\data\maps\interior\propext.ide" with handler "gta3.std.data"
Found file [0x0000000C8EFDD4F2] "Map\data\maps\interior\props.ide" with handler "gta3.std.data"
Found file [0x0000000C28370100] "Map\data\maps\interior\props2.ide" with handler "gta3.std.data"
Found file [0x0000000C5190AB8D] "Map\data\maps\interior\stadint.ide" with handler "gta3.std.data"
Found file [0x0000000D45909968] "Map\data\maps\interior\stadint.ipl" with handler "gta3.std.data"
Found file [0x0000000CA363C57B] "Map\data\maps\LA\LAe.ide" with handler "gta3.std.data"
Found file [0x0000000DB763E4F6] "Map\data\maps\LA\LAe.ipl" with handler "gta3.std.data"
Found file [0x0000000CBBB9E103] "Map\data\maps\LA\LAe2.ide" with handler "gta3.std.data"
Found file [0x0000000DCFBA008E] "Map\data\maps\LA\LAe2.IPL" with handler "gta3.std.data"
Found file [0x0000000CDAF7B622] "Map\data\maps\LA\LAhills.ide" with handler "gta3.std.data"
Found file [0x0000000DC6F796A7] "Map\data\maps\LA\LAhills.IPL" with handler "gta3.std.data"
Found file [0x0000000CD1B15334] "Map\data\maps\LA\LAn.ide" with handler "gta3.std.data"
Found file [0x0000000DE5B172A1] "Map\data\maps\LA\LAn.ipl" with handler "gta3.std.data"
Found file [0x0000000CB5B4BF0A] "Map\data\maps\LA\LAn2.ide" with handler "gta3.std.data"
Found file [0x0000000DA1B49F9F] "Map\data\maps\LA\LAn2.IPL" with handler "gta3.std.data"
Found file [0x0000000CEE022915] "Map\data\maps\LA\LAs.ide" with handler "gta3.std.data"
Found file [0x0000000DE20216E0] "Map\data\maps\LA\LAs.IPL" with handler "gta3.std.data"
Found file [0x0000000C7D9EB5BD] "Map\data\maps\LA\LAs2.ide" with handler "gta3.std.data"
Found file [0x0000000D919ED538] "Map\data\maps\LA\LAs2.IPL" with handler "gta3.std.data"
Found file [0x0000000CF43B3001] "Map\data\maps\LA\LAw.ide" with handler "gta3.std.data"
Found file [0x0000000D003B4324] "Map\data\maps\LA\LAw.IPL" with handler "gta3.std.data"
Found file [0x0000000C83A54271] "Map\data\maps\LA\LAw2.ide" with handler "gta3.std.data"
Found file [0x0000000D6FA522F4] "Map\data\maps\LA\LAw2.ipl" with handler "gta3.std.data"
Found file [0x0000000CBE9F0D1D] "Map\data\maps\LA\LaWn.ide" with handler "gta3.std.data"
Found file [0x0000000DD29F2C98] "Map\data\maps\LA\LAwn.IPL" with handler "gta3.std.data"
Found file [0x0000000CD4C31601] "Map\data\maps\LA\LAxref.ide" with handler "gta3.std.data"
Found file [0x0000000CCE4F009E] "Map\data\maps\leveldes\levelmap.ide" with handler "gta3.std.data"
Found file [0x0000000DC24EEE7B] "Map\data\maps\leveldes\levelmap.ipl" with handler "gta3.std.data"
Found file [0x0000000CC638A6FF] "Map\data\maps\leveldes\levelxre.ide" with handler "gta3.std.data"
Found file [0x0000000D4B7A6C6A] "Map\data\maps\occluint.ipl" with handler "gta3.std.data"
Found file [0x0000000DDF8ACC18] "Map\data\maps\occluLA.ipl" with handler "gta3.std.data"
Found file [0x0000000D39F51366] "Map\data\maps\occlusf.ipl" with handler "gta3.std.data"
Found file [0x0000000DAC5BEFA3] "Map\data\maps\occluveg.ipl" with handler "gta3.std.data"
Found file [0x0000000CB3D92283] "Map\data\maps\SF\SFe.ide" with handler "gta3.std.data"
Found file [0x0000000DC7D9420E] "Map\data\maps\SF\SFe.IPL" with handler "gta3.std.data"
Found file [0x0000000C2742D3CC] "Map\data\maps\SF\SFn.ide" with handler "gta3.std.data"
Found file [0x0000000D1B42C0A9] "Map\data\maps\SF\SFn.IPL" with handler "gta3.std.data"
Found file [0x0000000CFE77875D] "Map\data\maps\SF\SFs.ide" with handler "gta3.std.data"
Found file [0x0000000D1277A6D8] "Map\data\maps\SF\SFs.IPL" with handler "gta3.std.data"
Found file [0x0000000CF1EE662E] "Map\data\maps\SF\SFSe.ide" with handler "gta3.std.data"
Found file [0x0000000D05EE85AB] "Map\data\maps\SF\SFse.IPL" with handler "gta3.std.data"
Found file [0x0000000CA225F6E9] "Map\data\maps\SF\SFw.ide" with handler "gta3.std.data"
Found file [0x0000000DAE26091C] "Map\data\maps\SF\SFw.IPL" with handler "gta3.std.data"
Found file [0x0000000CFE514469] "Map\data\maps\SF\SFxref.ide" with handler "gta3.std.data"
Found file [0x0000000C8542BCB9] "Map\data\maps\vegas\vegasE.ide" with handler "gta3.std.data"
Found file [0x0000000D71429D0C] "Map\data\maps\vegas\vegasE.ipl" with handler "gta3.std.data"
Found file [0x0000000C3C9EF30E] "Map\data\maps\vegas\VegasN.ide" with handler "gta3.std.data"
Found file [0x0000000D509F128B] "Map\data\maps\vegas\vegasN.IPL" with handler "gta3.std.data"
Found file [0x0000000CE3634BB7] "Map\data\maps\vegas\VegasS.ide" with handler "gta3.std.data"
Found file [0x0000000DEF635EDA] "Map\data\maps\vegas\vegasS.IPL" with handler "gta3.std.data"
Found file [0x0000000C520D0673] "Map\data\maps\vegas\VegasW.ide" with handler "gta3.std.data"
Found file [0x0000000D460CF35E] "Map\data\maps\vegas\vegasW.ipl" with handler "gta3.std.data"
Found file [0x0000000CED725662] "Map\data\maps\vegas\vegaxref.ide" with handler "gta3.std.data"
Found file [0x0000000DD97236E7] "Map\data\maps\vegas\vegaxref.ipl" with handler "gta3.std.data"
Found file [0x000000088CC246D9] "Misc\data\furnitur.dat" with handler "gta3.std.data"
Found file [0x00000012F96538A8] "Misc\data\plants.dat" with handler "gta3.std.data"
Found file [0x0000001466A01AE7] "Misc\data\procobj.dat" with handler "gta3.std.data"
Found file [0x000000212D815249] "Misc\data\water.dat" with handler "gta3.std.data"
No handler or callme for file "Misc\Grass Color Fix.url"
No handler or callme for file "Proper Fixes (latest version).url"
Found file [0x00000001AD35B3BB] "ProperFixes.asi" with handler "gta3.std.asi"
Found file [0x0000000029000961] "PS2 Grass\models\grass\grass0_1.dff" with handler "gta3.std.fx"
Found file [0x00000000FBFFB94A] "PS2 Grass\models\grass\grass0_2.dff" with handler "gta3.std.fx"
Found file [0x0000000023DF8D33] "PS2 Grass\models\grass\grass0_3.dff" with handler "gta3.std.fx"
Found file [0x0000000079D1F78C] "PS2 Grass\models\grass\grass0_4.dff" with handler "gta3.std.fx"
Found file [0x000000009F5CC550] "PS2 Grass\models\grass\grass1_1.dff" with handler "gta3.std.fx"
Found file [0x0000000024A5222B] "PS2 Grass\models\grass\grass1_2.dff" with handler "gta3.std.fx"
Found file [0x00000000FCC6E142] "PS2 Grass\models\grass\grass1_3.dff" with handler "gta3.std.fx"
Found file [0x00000000AD88F5CD] "PS2 Grass\models\grass\grass1_4.dff" with handler "gta3.std.fx"
Found file [0x000000003C1590B7] "PS2 Grass\models\grass\grass2_1.dff" with handler "gta3.std.fx"
Found file [0x00000000E6070C7C] "PS2 Grass\models\grass\grass2_2.dff" with handler "gta3.std.fx"
Found file [0x00000000DE0DA445] "PS2 Grass\models\grass\grass2_3.dff" with handler "gta3.std.fx"
Found file [0x000000002D4B8FFA] "PS2 Grass\models\grass\grass2_4.dff" with handler "gta3.std.fx"
Found file [0x000000007C2D2516] "PS2 Grass\models\grass\grass3_1.dff" with handler "gta3.std.fx"
Found file [0x000000008B30EAFD] "PS2 Grass\models\grass\grass3_2.dff" with handler "gta3.std.fx"
Found file [0x000000005329EDB4] "PS2 Grass\models\grass\grass3_3.dff" with handler "gta3.std.fx"
Found file [0x00000000FB5AEA9B] "PS2 Grass\models\grass\grass3_4.dff" with handler "gta3.std.fx"
Found file [0x00000000ADA5100F] "PS2 Grass\models\grass\plant1.dff" with handler "gta3.std.fx"
Found file [0x00000001650ADDB1] "Race maps\models\txd\LD_RCE1.txd" with handler "gta3.std.sprites"
Found file [0x0000000165B77F9E] "Race maps\models\txd\LD_RCE2.txd" with handler "gta3.std.sprites"
Found file [0x00000001314DC343] "Race maps\models\txd\LD_RCE3.txd" with handler "gta3.std.sprites"
Found file [0x00000001CF835500] "Race maps\models\txd\LD_RCE4.txd" with handler "gta3.std.sprites"
Found file [0x000000010E4DC1C5] "Race maps\models\txd\LD_RCE5.txd" with handler "gta3.std.sprites"
Found file [0xFFFFFFFFFFFFFFFF] "SA Optimized Map\gta.dat.txt" with handler "<none>"
Found file [0x0000000C1FC1EBD1] "SA Optimized Map\SA Optimized Map.ide" with handler "gta3.std.data"
No handler or callme for file "SA Optimized Map\SA Optimized Map.url"

Scanning files at "modloader\scrlog\"...
Found file [0x0000000110E164EC] "scrlog.asi" with handler "gta3.std.asi"
No handler or callme for file "scrlog.ini"
No handler or callme for file "scrlog.log"

Scanning files at "modloader\skygfx\"...
No handler or callme for file "data\colorcycle.dat"
Found file [0x0000020400DE2B4A] "models\Mobile_details.txd" with handler "gta3.std.stream"
Found file [0xFFFFFFFFFFFFFFFF] "models\texdb.txt" with handler "<none>"
No handler or callme for file "neo\carTweakingTable.dat"
Found file [0x0000020491B665CB] "neo\neo.txd" with handler "gta3.std.stream"
Found file [0x00000001B418CAEE] "skygfx.asi" with handler "gta3.std.asi"
No handler or callme for file "skygfx1.ini"
No handler or callme for file "skygfx2.ini"
No handler or callme for file "skygfx3.ini"
No handler or callme for file "skygfx4.ini"
No handler or callme for file "skygfx5.ini"
No handler or callme for file "skygfx6.ini"
Found file [0x0000001864E6A1F2] "stream.ini" with handler "gta3.std.data"

Scanning files at "modloader\_essentials\"...
No handler or callme for file "FramerateVigilante\Framerate Vigilante.url"
No handler or callme for file "FramerateVigilante\FramerateVigilante.ini"
Found file [0x00000001E36DEFA8] "FramerateVigilante\FramerateVigilante.SA.asi" with handler "gta3.std.asi"
No handler or callme for file "RepairGTA\RepairGTA.log"
Found file [0x00000001266C5E35] "RepairGTA\RepairGTA.SA.asi" with handler "gta3.std.asi"
No handler or callme for file "RepairGTA\RepairGTA.url"
No handler or callme for file "RunDLL32 Fix\RunDLL32 Fix.url"
Found file [0x00000001058FE465] "RunDLL32 Fix\rundll32exefix.asi" with handler "gta3.std.asi"
No handler or callme for file "SilentPatch\SilentPatch.url"
Found file [0x000000013DC7E7D3] "SilentPatch\SilentPatchSA.asi" with handler "gta3.std.asi"
No handler or callme for file "SilentPatch\SilentPatchSA.ini"
Found file [0x000000014321C33A] "Widescreen Fix by ThirteenAG\GTASA.WidescreenFix.asi" with handler "gta3.std.asi"
No handler or callme for file "Widescreen Fix by ThirteenAG\GTASA.WidescreenFix.ini"
No handler or callme for file "Widescreen Fix by ThirteenAG\Widescreen Fix.url"
Found file [0x000000010EA6D88A] "Windowed Mode\III.VC.SA.WindowedMode.asi" with handler "gta3.std.asi"
No handler or callme for file "Windowed Mode\III.VC.SA.WindowedMode.ini"

Updating mods for "modloader\"...
Updating state for "modloader\scrlog\"...
Installing file "modloader\scrlog\scrlog.asi"
Updating state for "modloader\skygfx\"...
Installing file "modloader\skygfx\models\mobile_details.txd"
Installing file "modloader\skygfx\models\texdb.txt"
Installing file "modloader\skygfx\neo\neo.txd"
Installing file "modloader\skygfx\skygfx.asi"
Installing file "modloader\skygfx\stream.ini"
Updating state for "modloader\mixsets\"...
Installing file "modloader\mixsets\mixsets.asi"
Updating state for "modloader\_essentials\"...
Installing file "modloader\_essentials\frameratevigilante\frameratevigilante.sa.asi"
Installing file "modloader\_essentials\repairgta\repairgta.sa.asi"
Installing file "modloader\_essentials\rundll32 fix\rundll32exefix.asi"
Installing file "modloader\_essentials\silentpatch\silentpatchsa.asi"
Installing file "modloader\_essentials\widescreen fix by thirteenag\gtasa.widescreenfix.asi"
Installing file "modloader\_essentials\windowed mode\iii.vc.sa.windowedmode.asi"
Updating state for "modloader\proper fixes\"...
Installing file "modloader\proper fixes\additional models\loader.txt"
Installing file "modloader\proper fixes\additional models\properfixes.ide"
Installing file "modloader\proper fixes\additional models\properfixes.ipl"
Installing file "modloader\proper fixes\additional models\stream\properfixes.col"
Installing file "modloader\proper fixes\additional textures\loader.txt"
Installing file "modloader\proper fixes\additional textures\lodproperf_country.txd"
Installing file "modloader\proper fixes\additional textures\lodproperf_la.txd"
Installing file "modloader\proper fixes\additional textures\lodproperf_sf.txd"
Installing file "modloader\proper fixes\additional textures\lodproperf_vegas.txd"
Installing file "modloader\proper fixes\additional textures\neontex.txd"
Installing file "modloader\proper fixes\additional textures\pf_nitelites.txd"
Installing file "modloader\proper fixes\additional textures\properf_country.txd"
Installing file "modloader\proper fixes\additional textures\properf_cutscene.txd"
Installing file "modloader\proper fixes\additional textures\properf_dynamic.txd"
Installing file "modloader\proper fixes\additional textures\properf_int.txd"
Installing file "modloader\proper fixes\additional textures\properf_la.txd"
Installing file "modloader\proper fixes\additional textures\properf_peds.txd"
Installing file "modloader\proper fixes\additional textures\properf_sf.txd"
Installing file "modloader\proper fixes\additional textures\properf_vegas.txd"
Installing file "modloader\proper fixes\additional textures\properfixestxdp.ide"
Installing file "modloader\proper fixes\avery and candy neon and anim\pf_vegascowboy.txd"
Installing file "modloader\proper fixes\avery and candy neon and anim\vegascowboy1.dff"
Installing file "modloader\proper fixes\avery and candy neon and anim\vegascowboy3.dff"
Installing file "modloader\proper fixes\avery and candy neon and anim\vegcandysign1.dff"
Installing file "modloader\proper fixes\cuts.img"
Installing file "modloader\proper fixes\cutscene.img"
Installing file "modloader\proper fixes\gta3.img"
Installing file "modloader\proper fixes\gta_int.img"
Installing file "modloader\proper fixes\increased vegetation distance\data\maps\generic\procobj.ide"
Installing file "modloader\proper fixes\increased vegetation distance\data\maps\generic\vegepart.ide"
Installing file "modloader\proper fixes\increased vegetation distance\data\maps\loader.txt"
Installing file "modloader\proper fixes\increased vegetation distance\data\maps\procobj1.ipl"
Installing file "modloader\proper fixes\increased vegetation distance\data\maps\procobj2.ipl"
Installing file "modloader\proper fixes\increased vegetation distance\data\maps\procobj3.ipl"
Installing file "modloader\proper fixes\increased vegetation distance\data\maps\procobj4.ipl"
Installing file "modloader\proper fixes\increased vegetation distance\data\maps\procobj5.ipl"
Installing file "modloader\proper fixes\increased vegetation distance\data\maps\procobj6.ipl"
Installing file "modloader\proper fixes\increased vegetation distance\data\procobj.dat"
Installing file "modloader\proper fixes\lod vegetation\loader.txt"
Installing file "modloader\proper fixes\lod vegetation\lodvegetation.col"
Installing file "modloader\proper fixes\lod vegetation\lodvegetation.ide"
Installing file "modloader\proper fixes\lod vegetation\lodvegetation.txd"
Installing file "modloader\proper fixes\lod vegetation\original replace\lod_redwoodgrp.dff"
Installing file "modloader\proper fixes\lod vegetation\original replace\lod_vbg_fir_co.dff"
Installing file "modloader\proper fixes\map\data\maps\country\countn2.ide"
Installing file "modloader\proper fixes\map\data\maps\country\countn2.ipl"
Installing file "modloader\proper fixes\map\data\maps\country\countrye.ide"
Installing file "modloader\proper fixes\map\data\maps\country\countrye.ipl"
Installing file "modloader\proper fixes\map\data\maps\country\countryn.ide"
Installing file "modloader\proper fixes\map\data\maps\country\countryn.ipl"
Installing file "modloader\proper fixes\map\data\maps\country\countrys.ide"
Installing file "modloader\proper fixes\map\data\maps\country\countrys.ipl"
Installing file "modloader\proper fixes\map\data\maps\country\countryw.ide"
Installing file "modloader\proper fixes\map\data\maps\country\countryw.ipl"
Installing file "modloader\proper fixes\map\data\maps\country\counxref.ide"
Installing file "modloader\proper fixes\map\data\maps\cull.ipl"
Installing file "modloader\proper fixes\map\data\maps\generic\barriers.ide"
Installing file "modloader\proper fixes\map\data\maps\generic\dynamic.ide"
Installing file "modloader\proper fixes\map\data\maps\generic\dynamic2.ide"
Installing file "modloader\proper fixes\map\data\maps\generic\multiobj.ide"
Installing file "modloader\proper fixes\map\data\maps\generic\procobj.ide"
Installing file "modloader\proper fixes\map\data\maps\generic\vegepart.ide"
Installing file "modloader\proper fixes\map\data\maps\interior\gen_int1.ipl"
Installing file "modloader\proper fixes\map\data\maps\interior\gen_int3.ide"
Installing file "modloader\proper fixes\map\data\maps\interior\gen_int5.ide"
Installing file "modloader\proper fixes\map\data\maps\interior\gen_intb.ide"
Installing file "modloader\proper fixes\map\data\maps\interior\int_la.ide"
Installing file "modloader\proper fixes\map\data\maps\interior\int_la.ipl"
Installing file "modloader\proper fixes\map\data\maps\interior\int_sf.ide"
Installing file "modloader\proper fixes\map\data\maps\interior\int_sf.ipl"
Installing file "modloader\proper fixes\map\data\maps\interior\int_veg.ide"
Installing file "modloader\proper fixes\map\data\maps\interior\int_veg.ipl"
Installing file "modloader\proper fixes\map\data\maps\interior\propext.ide"
Installing file "modloader\proper fixes\map\data\maps\interior\props.ide"
Installing file "modloader\proper fixes\map\data\maps\interior\props2.ide"
Installing file "modloader\proper fixes\map\data\maps\interior\stadint.ide"
Installing file "modloader\proper fixes\map\data\maps\interior\stadint.ipl"
Installing file "modloader\proper fixes\map\data\maps\la\lae.ide"
Installing file "modloader\proper fixes\map\data\maps\la\lae.ipl"
Installing file "modloader\proper fixes\map\data\maps\la\lae2.ide"
Installing file "modloader\proper fixes\map\data\maps\la\lae2.ipl"
Installing file "modloader\proper fixes\map\data\maps\la\lahills.ide"
Installing file "modloader\proper fixes\map\data\maps\la\lahills.ipl"
Installing file "modloader\proper fixes\map\data\maps\la\lan.ide"
Installing file "modloader\proper fixes\map\data\maps\la\lan.ipl"
Installing file "modloader\proper fixes\map\data\maps\la\lan2.ide"
Installing file "modloader\proper fixes\map\data\maps\la\lan2.ipl"
Installing file "modloader\proper fixes\map\data\maps\la\las.ide"
Installing file "modloader\proper fixes\map\data\maps\la\las.ipl"
Installing file "modloader\proper fixes\map\data\maps\la\las2.ide"
Installing file "modloader\proper fixes\map\data\maps\la\las2.ipl"
Installing file "modloader\proper fixes\map\data\maps\la\law.ide"
Installing file "modloader\proper fixes\map\data\maps\la\law.ipl"
Installing file "modloader\proper fixes\map\data\maps\la\law2.ide"
Installing file "modloader\proper fixes\map\data\maps\la\law2.ipl"
Installing file "modloader\proper fixes\map\data\maps\la\lawn.ide"
Installing file "modloader\proper fixes\map\data\maps\la\lawn.ipl"
Installing file "modloader\proper fixes\map\data\maps\la\laxref.ide"
Installing file "modloader\proper fixes\map\data\maps\leveldes\levelmap.ide"
Installing file "modloader\proper fixes\map\data\maps\leveldes\levelmap.ipl"
Installing file "modloader\proper fixes\map\data\maps\leveldes\levelxre.ide"
Installing file "modloader\proper fixes\map\data\maps\occluint.ipl"
Installing file "modloader\proper fixes\map\data\maps\occlula.ipl"
Installing file "modloader\proper fixes\map\data\maps\occlusf.ipl"
Installing file "modloader\proper fixes\map\data\maps\occluveg.ipl"
Installing file "modloader\proper fixes\map\data\maps\sf\sfe.ide"
Installing file "modloader\proper fixes\map\data\maps\sf\sfe.ipl"
Installing file "modloader\proper fixes\map\data\maps\sf\sfn.ide"
Installing file "modloader\proper fixes\map\data\maps\sf\sfn.ipl"
Installing file "modloader\proper fixes\map\data\maps\sf\sfs.ide"
Installing file "modloader\proper fixes\map\data\maps\sf\sfs.ipl"
Installing file "modloader\proper fixes\map\data\maps\sf\sfse.ide"
Installing file "modloader\proper fixes\map\data\maps\sf\sfse.ipl"
Installing file "modloader\proper fixes\map\data\maps\sf\sfw.ide"
Installing file "modloader\proper fixes\map\data\maps\sf\sfw.ipl"
Installing file "modloader\proper fixes\map\data\maps\sf\sfxref.ide"
Installing file "modloader\proper fixes\map\data\maps\vegas\vegase.ide"
Installing file "modloader\proper fixes\map\data\maps\vegas\vegase.ipl"
Installing file "modloader\proper fixes\map\data\maps\vegas\vegasn.ide"
Installing file "modloader\proper fixes\map\data\maps\vegas\vegasn.ipl"
Installing file "modloader\proper fixes\map\data\maps\vegas\vegass.ide"
Installing file "modloader\proper fixes\map\data\maps\vegas\vegass.ipl"
Installing file "modloader\proper fixes\map\data\maps\vegas\vegasw.ide"
Installing file "modloader\proper fixes\map\data\maps\vegas\vegasw.ipl"
Installing file "modloader\proper fixes\map\data\maps\vegas\vegaxref.ide"
Installing file "modloader\proper fixes\map\data\maps\vegas\vegaxref.ipl"
Installing file "modloader\proper fixes\misc\data\furnitur.dat"
Installing file "modloader\proper fixes\misc\data\plants.dat"
Installing file "modloader\proper fixes\misc\data\procobj.dat"
Installing file "modloader\proper fixes\misc\data\water.dat"
Installing file "modloader\proper fixes\properfixes.asi"
Installing file "modloader\proper fixes\ps2 grass\models\grass\grass0_1.dff"
Installing file "modloader\proper fixes\ps2 grass\models\grass\grass0_2.dff"
Installing file "modloader\proper fixes\ps2 grass\models\grass\grass0_3.dff"
Installing file "modloader\proper fixes\ps2 grass\models\grass\grass0_4.dff"
Installing file "modloader\proper fixes\ps2 grass\models\grass\grass1_1.dff"
Installing file "modloader\proper fixes\ps2 grass\models\grass\grass1_2.dff"
Installing file "modloader\proper fixes\ps2 grass\models\grass\grass1_3.dff"
Installing file "modloader\proper fixes\ps2 grass\models\grass\grass1_4.dff"
Installing file "modloader\proper fixes\ps2 grass\models\grass\grass2_1.dff"
Installing file "modloader\proper fixes\ps2 grass\models\grass\grass2_2.dff"
Installing file "modloader\proper fixes\ps2 grass\models\grass\grass2_3.dff"
Installing file "modloader\proper fixes\ps2 grass\models\grass\grass2_4.dff"
Installing file "modloader\proper fixes\ps2 grass\models\grass\grass3_1.dff"
Installing file "modloader\proper fixes\ps2 grass\models\grass\grass3_2.dff"
Installing file "modloader\proper fixes\ps2 grass\models\grass\grass3_3.dff"
Installing file "modloader\proper fixes\ps2 grass\models\grass\grass3_4.dff"
Installing file "modloader\proper fixes\ps2 grass\models\grass\plant1.dff"
Installing file "modloader\proper fixes\race maps\models\txd\ld_rce1.txd"
Installing file "modloader\proper fixes\race maps\models\txd\ld_rce2.txd"
Installing file "modloader\proper fixes\race maps\models\txd\ld_rce3.txd"
Installing file "modloader\proper fixes\race maps\models\txd\ld_rce4.txd"
Installing file "modloader\proper fixes\race maps\models\txd\ld_rce5.txd"
Installing file "modloader\proper fixes\sa optimized map\gta.dat.txt"
Installing file "modloader\proper fixes\sa optimized map\sa optimized map.ide"
Updating state for "modloader\open limit adjuster\"...
Installing file "modloader\open limit adjuster\iii.vc.sa.limitadjuster.asi"
Updating gta3.std.data state...
Parsing readme file "modloader\skygfx\models\texdb.txt"
Ignoring text file "modloader\skygfx\models\texdb.txt" because it's too big.
Parsing cached readme data for "modloader\proper fixes\additional models\loader.txt"
Found cached level file line for 'modloader\proper fixes\additional models\loader.txt':3
Found cached level file line for 'modloader\proper fixes\additional models\loader.txt':4
Parsing cached readme data for "modloader\proper fixes\additional textures\loader.txt"
Found cached level file line for 'modloader\proper fixes\additional textures\loader.txt':3
Parsing cached readme data for "modloader\proper fixes\increased vegetation distance\data\maps\loader.txt"
Found cached level file line for 'modloader\proper fixes\increased vegetation distance\data\maps\loader.txt':3
Found cached level file line for 'modloader\proper fixes\increased vegetation distance\data\maps\loader.txt':4
Found cached level file line for 'modloader\proper fixes\increased vegetation distance\data\maps\loader.txt':5
Found cached level file line for 'modloader\proper fixes\increased vegetation distance\data\maps\loader.txt':6
Found cached level file line for 'modloader\proper fixes\increased vegetation distance\data\maps\loader.txt':7
Found cached level file line for 'modloader\proper fixes\increased vegetation distance\data\maps\loader.txt':8
Parsing cached readme data for "modloader\proper fixes\lod vegetation\loader.txt"
Found cached level file line for 'modloader\proper fixes\lod vegetation\loader.txt':4
Found cached level file line for 'modloader\proper fixes\lod vegetation\loader.txt':5
Parsing cached readme data for "modloader\proper fixes\sa optimized map\gta.dat.txt"
Found cached level file line for 'modloader\proper fixes\sa optimized map\gta.dat.txt':10
Done updating gta3.std.data state.
Starting up filesystem watcher...

Mod Loader has started up!

Opening file for streaming "modloader\proper fixes\gta3.img"
Loading default font values "DATA\FONTS.DAT"
Loading default vehicles handling "HANDLING.CFG"
Loading default surface adhesion limits "data\surface.dat"
Loading default surface infos "data\surfinfo.dat"
Loading default surface audio infos "data\surfaud.dat"
Loading default ped stats "DATA\PEDSTATS.DAT"
Loading default decision maker "RANDOM.ped"
Loading default decision maker "m_norm.ped"
Loading default decision maker "m_plyr.ped"
Loading default decision maker "RANDOM.grp"
Loading default decision maker "MISSION.grp"
Loading default decision maker "GangMbr.ped"
Loading default decision maker "Cop.ped"
Loading default decision maker "R_Norm.ped"
Loading default decision maker "R_Tough.ped"
Loading default decision maker "R_Weak.ped"
Loading default decision maker "Fireman.ped"
Loading default decision maker "m_empty.ped"
Loading default decision maker "Indoors.ped"
Loading default decision maker "RANDOM.grp"
Loading default decision maker "RANDOM2.grp"
Loading default time cycle properties "TIMECYC.DAT"
Loading default population cycle properties "POPCYCLE.DAT"
Loading custom plants surface properties "modloader\proper fixes\misc\data\plants.dat"
Loading default anim association "DATA\ANIMGRP.DAT"
Opening file for streaming "modloader\proper fixes\gta3.img"
Opening file for streaming "modloader\proper fixes\gta_int.img"
Loading custom stream config "modloader\skygfx\stream.ini"
Loading default fighting data "DATA\melee.dat"
Preloading level file "DATA\DEFAULT.DAT"
Loading default level file "DATA\DEFAULT.DAT"
Preloading level file "DATA\GTA.DAT"
Loading custom level file "C:\Users\Pichau\AppData\Local\modloader\106dd3b3be\gta3.std.data\0\gta.dat"
Loading preloaded level entries...
The file "modloader\proper fixes\additional models\properfixes.ide" does not seem to be in the right virtual path, moving from "additional models\properfixes.ide" to "data\maps\properfixes.ide"
The file "modloader\proper fixes\additional models\properfixes.ipl" does not seem to be in the right virtual path, moving from "additional models\properfixes.ipl" to "data\maps\properfixes.ipl"
The file "modloader\proper fixes\additional textures\properfixestxdp.ide" does not seem to be in the right virtual path, moving from "additional textures\properfixestxdp.ide" to "data\maps\properfixestxdp.ide"
The file "modloader\proper fixes\lod vegetation\lodvegetation.ide" does not seem to be in the right virtual path, moving from "lod vegetation\lodvegetation.ide" to "data\maps\lodvegetation.ide"
The file "modloader\proper fixes\map\data\maps\vegas\vegaxref.ipl" is not a registered entry in the level file, ignoring.
The file "modloader\proper fixes\sa optimized map\sa optimized map.ide" does not seem to be in the right virtual path, moving from "sa optimized map\sa optimized map.ide" to "data\maps\sa optimized map.ide"
Opening file for streaming "data\paths\carrec.img"
Opening file for streaming "data\script\script.img"
Opening file for streaming "modloader\proper fixes\cutscene.img"
Loading default object types "data\default.ide"
Loading default object types "data\vehicles.ide"
Loading default object types "data\peds.ide"
Loading custom object types "C:\Users\Pichau\AppData\Local\modloader\106dd3b3be\gta3.std.data\1\vegepart.ide"
Loading custom object types "modloader\proper fixes\map\data\maps\generic\barriers.ide"
Loading custom object types "modloader\proper fixes\map\data\maps\generic\dynamic.ide"
Loading custom object types "modloader\proper fixes\map\data\maps\generic\dynamic2.ide"
Loading custom object types "modloader\proper fixes\map\data\maps\generic\multiobj.ide"
Loading custom object types "C:\Users\Pichau\AppData\Local\modloader\106dd3b3be\gta3.std.data\1\procobj.ide"
Loading custom object types "modloader\proper fixes\map\data\maps\la\lan.ide"
Loading custom object types "modloader\proper fixes\map\data\maps\la\lan2.ide"
Loading custom object types "modloader\proper fixes\map\data\maps\la\las.ide"
Loading custom object types "modloader\proper fixes\map\data\maps\la\las2.ide"
Loading custom object types "modloader\proper fixes\map\data\maps\la\lae.ide"
Loading custom object types "modloader\proper fixes\map\data\maps\la\lae2.ide"
Loading custom object types "modloader\proper fixes\map\data\maps\la\law2.ide"
Loading custom object types "modloader\proper fixes\map\data\maps\la\law.ide"
Loading custom object types "modloader\proper fixes\map\data\maps\la\lawn.ide"
Loading custom object types "modloader\proper fixes\map\data\maps\la\lahills.ide"
Loading custom object types "modloader\proper fixes\map\data\maps\la\laxref.ide"
Loading custom object types "modloader\proper fixes\map\data\maps\sf\sfn.ide"
Loading custom object types "modloader\proper fixes\map\data\maps\sf\sfs.ide"
Loading custom object types "modloader\proper fixes\map\data\maps\sf\sfse.ide"
Loading custom object types "modloader\proper fixes\map\data\maps\sf\sfe.ide"
Loading custom object types "modloader\proper fixes\map\data\maps\sf\sfw.ide"
Loading custom object types "modloader\proper fixes\map\data\maps\sf\sfxref.ide"
Loading custom object types "modloader\proper fixes\map\data\maps\vegas\vegasn.ide"
Loading custom object types "modloader\proper fixes\map\data\maps\vegas\vegass.ide"
Loading custom object types "modloader\proper fixes\map\data\maps\vegas\vegase.ide"
Loading custom object types "modloader\proper fixes\map\data\maps\vegas\vegasw.ide"
Loading custom object types "modloader\proper fixes\map\data\maps\vegas\vegaxref.ide"
Loading custom object types "modloader\proper fixes\map\data\maps\country\countryn.ide"
Loading custom object types "modloader\proper fixes\map\data\maps\country\countn2.ide"
Loading custom object types "modloader\proper fixes\map\data\maps\country\countrys.ide"
Loading custom object types "modloader\proper fixes\map\data\maps\country\countrye.ide"
Loading custom object types "modloader\proper fixes\map\data\maps\country\countryw.ide"
Loading custom object types "modloader\proper fixes\map\data\maps\country\counxref.ide"
Loading custom object types "modloader\proper fixes\map\data\maps\interior\int_la.ide"
Loading custom object types "modloader\proper fixes\map\data\maps\interior\int_sf.ide"
Loading custom object types "modloader\proper fixes\map\data\maps\interior\int_veg.ide"
Loading default object types "data\maps\interior\int_cont.ide"
Loading custom object types "modloader\proper fixes\map\data\maps\leveldes\levelmap.ide"
Loading custom object types "modloader\proper fixes\map\data\maps\leveldes\levelxre.ide"
Loading default object types "data\maps\interior\gen_int1.ide"
Loading default object types "data\maps\interior\gen_int2.ide"
Loading custom object types "modloader\proper fixes\map\data\maps\interior\gen_intb.ide"
Loading custom object types "modloader\proper fixes\map\data\maps\interior\gen_int3.ide"
Loading default object types "data\maps\interior\gen_int4.ide"
Loading custom object types "modloader\proper fixes\map\data\maps\interior\gen_int5.ide"
Loading default object types "data\maps\interior\savehous.ide"
Loading custom object types "modloader\proper fixes\map\data\maps\interior\stadint.ide"
Loading default object types "data\maps\leveldes\seabed.ide"
Loading custom object types "modloader\proper fixes\map\data\maps\interior\props.ide"
Loading custom object types "modloader\proper fixes\map\data\maps\interior\props2.ide"
Loading custom object types "modloader\proper fixes\map\data\maps\interior\propext.ide"
Loading default object types "data\maps\veh_mods\veh_mods.ide"
Loading default object types "data\txdcut.ide"
Loading custom object types "modloader\proper fixes\additional models\properfixes.ide"
Loading custom object types "modloader\proper fixes\additional textures\properfixestxdp.ide"
Loading custom object types "modloader\proper fixes\lod vegetation\lodvegetation.ide"
Loading custom object types "modloader\proper fixes\sa optimized map\sa optimized map.ide"
Using non-streamed resource "modloader\proper fixes\lod vegetation\lodvegetation.col"
Loading default object data "DATA\OBJECT.DAT"
Loading default vehicle colours "DATA\CARCOLS.DAT"
Loading default vehicle upgrades "DATA\CARMODS.DAT"
Initializing the streaming...
Loading abstract cd directory...
Importing model file for index 784 at "modloader\proper fixes\lod vegetation\original replace\lod_redwoodgrp.dff"
Importing model file for index 785 at "modloader\proper fixes\lod vegetation\original replace\lod_vbg_fir_co.dff"
Importing model file for index 23042 at "modloader\proper fixes\additional textures\lodproperf_country.txd"
Importing model file for index 23026 at "modloader\proper fixes\additional textures\lodproperf_la.txd"
Importing model file for index 23040 at "modloader\proper fixes\additional textures\lodproperf_sf.txd"
Importing model file for index 23041 at "modloader\proper fixes\additional textures\lodproperf_vegas.txd"
Importing model file for index 23043 at "modloader\proper fixes\lod vegetation\lodvegetation.txd"
Importing model file for index 23657 at "modloader\skygfx\models\mobile_details.txd"
Importing model file for index 23658 at "modloader\skygfx\neo\neo.txd"
Importing model file for index 23027 at "modloader\proper fixes\additional textures\neontex.txd"
Importing model file for index 23028 at "modloader\proper fixes\additional textures\pf_nitelites.txd"
Importing model file for index 21683 at "modloader\proper fixes\avery and candy neon and anim\pf_vegascowboy.txd"
Importing model file for index 23031 at "modloader\proper fixes\additional textures\properf_country.txd"
Importing model file for index 23033 at "modloader\proper fixes\additional textures\properf_cutscene.txd"
Importing model file for index 23025 at "modloader\proper fixes\additional textures\properf_dynamic.txd"
Importing model file for index 22866 at "modloader\proper fixes\additional textures\properf_int.txd"
Importing model file for index 23029 at "modloader\proper fixes\additional textures\properf_la.txd"
Importing model file for index 23039 at "modloader\proper fixes\additional textures\properf_peds.txd"
Importing model file for index 23037 at "modloader\proper fixes\additional textures\properf_sf.txd"
Importing model file for index 23035 at "modloader\proper fixes\additional textures\properf_vegas.txd"
Importing model file for index 25251 at "modloader\proper fixes\additional models\stream\properfixes.col"
Importing model file for index 7073 at "modloader\proper fixes\avery and candy neon and anim\vegascowboy1.dff"
Importing model file for index 7072 at "modloader\proper fixes\avery and candy neon and anim\vegascowboy3.dff"
Importing model file for index 7392 at "modloader\proper fixes\avery and candy neon and anim\vegcandysign1.dff"
Abstract cd directory has been loaded.
Loading default scene "data\map.zon"
Loading default scene "data\info.zon"
Loading custom scene "modloader\proper fixes\map\data\maps\la\lan.ipl"
Loading custom scene "modloader\proper fixes\map\data\maps\la\lan2.ipl"
Loading custom scene "modloader\proper fixes\map\data\maps\la\las.ipl"
Loading custom scene "modloader\proper fixes\map\data\maps\la\las2.ipl"
Loading custom scene "modloader\proper fixes\map\data\maps\la\lae.ipl"
Loading custom scene "modloader\proper fixes\map\data\maps\la\lae2.ipl"
Loading custom scene "modloader\proper fixes\map\data\maps\la\law.ipl"
Loading custom scene "modloader\proper fixes\map\data\maps\la\lawn.ipl"
Loading custom scene "modloader\proper fixes\map\data\maps\la\law2.ipl"
Loading custom scene "modloader\proper fixes\map\data\maps\la\lahills.ipl"
Loading custom scene "modloader\proper fixes\map\data\maps\sf\sfn.ipl"
Loading custom scene "modloader\proper fixes\map\data\maps\sf\sfs.ipl"
Loading custom scene "modloader\proper fixes\map\data\maps\sf\sfse.ipl"
Loading custom scene "modloader\proper fixes\map\data\maps\sf\sfe.ipl"
Loading custom scene "modloader\proper fixes\map\data\maps\sf\sfw.ipl"
Loading custom scene "modloader\proper fixes\map\data\maps\vegas\vegasn.ipl"
Loading custom scene "modloader\proper fixes\map\data\maps\vegas\vegass.ipl"
Loading custom scene "modloader\proper fixes\map\data\maps\vegas\vegase.ipl"
Loading custom scene "modloader\proper fixes\map\data\maps\vegas\vegasw.ipl"
Loading custom scene "modloader\proper fixes\map\data\maps\country\countryn.ipl"
Loading custom scene "modloader\proper fixes\map\data\maps\country\countn2.ipl"
Loading custom scene "modloader\proper fixes\map\data\maps\country\countrys.ipl"
Loading custom scene "modloader\proper fixes\map\data\maps\country\countrye.ipl"
Loading custom scene "modloader\proper fixes\map\data\maps\country\countryw.ipl"
Loading custom scene "modloader\proper fixes\map\data\maps\interior\int_la.ipl"
Loading custom scene "modloader\proper fixes\map\data\maps\interior\int_sf.ipl"
Loading custom scene "modloader\proper fixes\map\data\maps\interior\int_veg.ipl"
Loading default scene "data\maps\interior\int_cont.ipl"
Loading custom scene "modloader\proper fixes\map\data\maps\interior\gen_int1.ipl"
Loading default scene "data\maps\interior\gen_int2.ipl"
Loading default scene "data\maps\interior\gen_intb.ipl"
Loading default scene "data\maps\interior\gen_int3.ipl"
Loading default scene "data\maps\interior\gen_int4.ipl"
Loading default scene "data\maps\interior\gen_int5.ipl"
Loading custom scene "modloader\proper fixes\map\data\maps\interior\stadint.ipl"
Loading default scene "data\maps\interior\savehous.ipl"
Loading custom scene "modloader\proper fixes\map\data\maps\leveldes\levelmap.ipl"
Loading default scene "data\maps\leveldes\seabed.ipl"
Loading default scene "data\maps\paths.ipl"
Loading default scene "data\maps\paths2.ipl"
Loading default scene "data\maps\paths3.ipl"
Loading default scene "data\maps\paths4.ipl"
Loading default scene "data\maps\paths5.ipl"
Loading custom scene "modloader\proper fixes\map\data\maps\cull.ipl"
Loading default scene "data\maps\tunnels.ipl"
Loading custom scene "modloader\proper fixes\map\data\maps\occlusf.ipl"
Loading custom scene "modloader\proper fixes\map\data\maps\occluveg.ipl"
Loading custom scene "modloader\proper fixes\map\data\maps\occlula.ipl"
Loading custom scene "modloader\proper fixes\map\data\maps\occluint.ipl"
Loading default scene "data\maps\audiozon.ipl"
Loading custom scene "modloader\proper fixes\additional models\properfixes.ipl"
Loading custom scene "modloader\proper fixes\increased vegetation distance\data\maps\procobj1.ipl"
Loading custom scene "modloader\proper fixes\increased vegetation distance\data\maps\procobj2.ipl"
Loading custom scene "modloader\proper fixes\increased vegetation distance\data\maps\procobj3.ipl"
Loading custom scene "modloader\proper fixes\increased vegetation distance\data\maps\procobj4.ipl"
Loading custom scene "modloader\proper fixes\increased vegetation distance\data\maps\procobj5.ipl"
Loading custom scene "modloader\proper fixes\increased vegetation distance\data\maps\procobj6.ipl"
Loading default train track "data\paths\tracks.dat"
Loading default train track "data\paths\tracks3.dat"
Loading default train track "data\paths\tracks2.dat"
Loading default train track "data\paths\tracks4.dat"
Opening file for streaming "MODELS\PLAYER.IMG"
Loading default clothes rules "DATA\CLOTHES.DAT"
Loading custom water level "modloader\proper fixes\misc\data\water.dat"
Loading default ped relationship data "DATA\PED.DAT"
Loading default weapon data "DATA\WEAPON.DAT"
Loading default ped groups "PEDGRP.DAT"
Loading default car groups "CARGRP.DAT"
Starting injected cleo script search 1C9B1738 for version '0'...
Finishing injected cleo script search 1C9B1738...
Starting injected cleo script search 1C9B1738 for version '4'...
Finishing injected cleo script search 1C9B1738...
Starting injected cleo script search 1C9B1778 for version '3'...
Finishing injected cleo script search 1C9B1778...
Loading default action reaction stats "DATA\AR_STATS.DAT"
Loading default stat update conditions "DATA\STATDISP.DAT"
Loading default shopping data "data\shopping.dat"
Removing imported model file at index 0
Loading custom furniture data "modloader\proper fixes\misc\data\furnitur.dat"
Loading custom procedural objects "C:\Users\Pichau\AppData\Local\modloader\106dd3b3be\gta3.std.data\0\procobj.dat"
Removing imported model file at index 20000
Removing imported model file at index 20001
Removing imported model file at index 20002
Removing imported model file at index 20003
Removing imported model file at index 20000
Removing imported model file at index 20001
Removing imported model file at index 384
Removing imported model file at index 385
Removing imported model file at index 385
Removing imported model file at index 386
Removing imported model file at index 386
Removing imported model file at index 387
Removing imported model file at index 387
Removing imported model file at index 388
Removing imported model file at index 388
Removing imported model file at index 384
Removing imported model file at index 385
Removing imported model file at index 385
Removing imported model file at index 386
Removing imported model file at index 386
Removing imported model file at index 387
Removing imported model file at index 387
Removing imported model file at index 388
Removing imported model file at index 388
Removing imported model file at index 300
Removing imported model file at index 301
Removing imported model file at index 302
Removing imported model file at index 303



Game version: GTA SA 1.0 US
Unhandled exception at 0x0048BADD in gta_sa.exe (+0x8badd): 0xC0000005: Access violation reading location 0x00000014.
    Register dump:
        EAX: 0x40400000  EBX: 0x0000FFFF  ECX: 0x0177F5B4  EDX: 0x00000000  
        EDI: 0x00000000  ESI: 0x175D26E0  EBP: 0x0177F688  EIP: 0x0048BADD  
        ESP: 0x0177F548  EFL: 0x00210246  CS: 0x00000023   SS: 0x0000002B   
        GS: 0x0000002B   FS: 0x00000053   ES: 0x0000002B   DS: 0x0000002B   
        
    Stack dump:
        0x0177F548:  00000000 175D26E0 0177F688 00000001 00000005 00000000
        0x0177F560:  40400000 00000000 00000000 0177F110 5C824580 00000002
        0x0177F578:  00000000 EB4E3EA5 0177F5A4 5C82A185 00000005 00000000
        0x0177F590:  019FFE30 FFFFFFFF 5C84FFFF 00000021 00000000 5C824580
        0x0177F5A8:  06EE64EA 019FFE72 00000000 40400000 00000000 00000000
        0x0177F5C0:  06EE64EA 06EE64C9 00000001 00000000 000A52BC 019FFE30
        0x0177F5D8:  00000021 5C821617 06EE64C9 00000021 019FFE30 06EE64C9
        0x0177F5F0:  01A03038 019FFE30 00000215 00000000 5C82305D 00000000
        0x0177F608:  0177F688 00000001 0177F6C4 008384BA FFFFFFFF 00469FF7
        0x0177F620:  000004C4 175D26E0 00000000 5D22EF63 175D26E0 0046A220
        base: 0x01580000   top: 0x0177F548   bottom: 0x01780000
        
    Backtrace (may be wrong):
        =>0x0048BADD _ZN14CRunningScript25ProcessCommands1200To1299Ei+0x54d in gta_sa.exe (+0x8badd) (0x0177F688) 
          0x5CEEB8E9 in modloader.asi (+0x1b8e9) (0x0177F6D0) 
          0x5CEEFC02 in modloader.asi (+0x1fc02) (0x0177F6E4) 
          0x5CEEE267 in modloader.asi (+0x1e267) (0x0177F700) 
          0x5CEF0246 in modloader.asi (+0x20246) (0x0177F874) 
          0x5CEF013C in modloader.asi (+0x2013c) (0x0177F880) 
          0x0053ECC2 AppEventHandler+0xb2 in gta_sa.exe (+0x13ecc2) (0x0177F888) 
          0x00619B71 _RsEventHandler+0x11 in gta_sa.exe (+0x219b71) (0x0177F89C) 
          0x00748DA0 _WinMain+0x690 in gta_sa.exe (+0x348da0) (0x0177F93C) 
          0x5CEEFB94 in modloader.asi (+0x1fb94) (0x0177F95C) 
          0x5CEEDE46 in modloader.asi (+0x1de46) (0x0177F98C) 
          0x5CEEB83B in modloader.asi (+0x1b83b) (0x0177F9E0) 
          0x5CEEFBBB in modloader.asi (+0x1fbbb) (0x0177FA00) 
          0x5CEEE202 in modloader.asi (+0x1e202) (0x0177FA30) 
          0x5CEF07BB in modloader.asi (+0x207bb) (0x0177FBBC) 
          0x5CEF0188 in modloader.asi (+0x20188) (0x0177FBD4) 
          0x5CEEDF18 in modloader.asi (+0x1df18) (0x0177FC04) 
          0x5CEEB83B in modloader.asi (+0x1b83b) (0x0177FC58) 
          0x5CEEFBBB in modloader.asi (+0x1fbbb) (0x0177FC78) 
        
    


Shutting down Mod Loader...
Shutting down filesystem watcher...
Shutting down menu...
Unloading plugin "gta3.std.fx"
Unloading plugin "gta3.std.asi"
Unloading plugin "gta3.std.bank"
Unloading plugin "gta3.std.data"
Unloading plugin "gta3.std.movies"
Unloading plugin "gta3.std.scm"
Unloading plugin "gta3.std.text"
Unloading plugin "gta3.std.tracks"
Unloading plugin "gta3.std.sprites"
Unloading plugin "gta3.std.stream"
Mod Loader has been shutdown.
