

********************************************
 script mob_la1
 Local variables dump:
 0 0 0 0 0 0 0 0 0 0 0 0 0 0 0 0
 0 0 0 0 0 0 0 0 0 0 0 0 0 0 0 0
 129503 129503
********************************************

Finished processing.

********************************************
 script int
 Local variables dump:
 0 0 0 0 0 0 0 0 0 0 0 0 0 0 0 0
 0 0 0 0 0 0 0 0 0 0 0 0 0 0 0 0
 129503 129503
********************************************

Finished processing.

********************************************
 script gfagnt
 Local variables dump:
 0 0 0 -1 -1 0 0 1 4 0 -988857518 -1016527487 1109843902 1135869952 0 0
 0 0 0 0 0 0 0 0 0 0 0 0 0 0 0 0
 136808 136808
********************************************

Finished processing.

********************************************
 script intman
 Local variables dump:
 0 0 0 0 0 0 0 0 0 0 0 0 0 0 0 0
 0 0 0 0 0 0 0 0 0 0 0 0 0 0 0 0
 136808 136808
********************************************

00154954&0: [0002] GOTO 154927
00154927&0: [00D6] IF 0
00154931&0: [0256] IS_PLAYER_PLAYING 0    // TRUE
00154936&1: [004D] GOTO_IF_FALSE 154950
00154943&1: [0050] GOSUB 154961
00154961&1: [0871] SWITCH_START 0 2 0 155052 0 155024 1 155038 -1 155052 -1 155052 -1 155052 -1 155052 -1 155052
00155024&1: [0050] GOSUB 155054
00155054&1: [09E8] GET_CHAR_AREA_VISIBLE 258 -> 0
00155062&1: [00D6] IF 0
00155066&0: [8038] NOT g1250(0) == 0    // FALSE
00155073&0: [004D] GOTO_IF_FALSE 157844
00157844&0: [0051] RETURN
00155031&0: [0002] GOTO 155052
00155052&0: [0051] RETURN
00154950&0: [0001] WAIT 0
Finished processing.

********************************************
 script hj
 Local variables dump:
 0 0 0 0 0 0 0 0 0 0 0 0 0 0 0 0
 0 0 0 0 0 0 0 0 0 0 0 0 0 0 0 0
 136824 136824
********************************************

00159737&0: [00D6] IF 0
00159741&0: [8256] NOT IS_PLAYER_PLAYING 0    // FALSE
00159746&0: [004D] GOTO_IF_FALSE 159760
00159760&0: [00D6] IF 0
00159764&0: [0445] ARE_ANY_CAR_CHEATS_ACTIVATED    // FALSE
00159766&0: [004D] GOTO_IF_FALSE 159780
00159780&0: [00D6] IF 0
00159784&0: [09AE] IS_CHAR_IN_ANY_TRAIN 258    // FALSE
00159789&0: [004D] GOTO_IF_FALSE 159803
00159803&0: [00D6] IF 0
00159807&0: [04C8] IS_CHAR_IN_FLYING_VEHICLE 258    // FALSE
00159812&0: [004D] GOTO_IF_FALSE 159826
00159826&0: [00D6] IF 0
00159830&0: [04A7] IS_CHAR_IN_ANY_BOAT 258    // FALSE
00159835&0: [004D] GOTO_IF_FALSE 159849
00159849&0: [00D6] IF 0
00159853&0: [00DD] IS_CHAR_IN_MODEL 258 539    // FALSE
00159861&0: [004D] GOTO_IF_FALSE 159875
00159875&0: [00D6] IF 0
00159879&0: [89E7] NOT IS_PLAYER_CONTROL_ON 0    // FALSE
00159884&0: [004D] GOTO_IF_FALSE 159898
00159898&0: [00D6] IF 0
00159902&0: [00DF] IS_CHAR_IN_ANY_CAR 258    // TRUE
00159907&1: [004D] GOTO_IF_FALSE 161386
00159914&1: [03C0] STORE_CAR_CHAR_IS_IN_NO_SAVE 258 -> 6159
00159922&1: [04FC] GET_WHEELIE_STATS 0 -> 0 0 0 0 0 0
00159945&1: [00D6] IF 0
00159949&0: [0020] g1323(0) > 0.0    // FALSE
00159959&0: [004D] GOTO_IF_FALSE 160144
00160144&0: [00D6] IF 0
00160148&0: [0020] g1330(0) > 0.0    // FALSE
00160158&0: [004D] GOTO_IF_FALSE 160349
00160349&0: [00D6] IF 0
00160353&0: [0020] g1337(0) > 0.0    // FALSE
00160363&0: [004D] GOTO_IF_FALSE 160540
00160540&0: [00D6] IF 0
00160544&0: [01F3] IS_CAR_IN_AIR_PROPER 6159    // FALSE
00160549&0: [004D] GOTO_IF_FALSE 161372
00161372&0: [0002] GOTO 159733
00159733&0: [0001] WAIT 0
Finished processing.

********************************************
 script apcheck
 Local variables dump:
 0 0 0 0 0 0 0 0 0 0 0 0 0 0 0 0
 0 0 0 0 0 0 0 0 0 0 0 0 0 0 0 0
 136824 136824
********************************************

00136014&0: [00D6] IF 0
00136018&0: [0256] IS_PLAYER_PLAYING 0    // TRUE
00136023&1: [004D] GOTO_IF_FALSE 136587
00136030&1: [00D6] IF 0
00136034&0: [00FE] LOCATE_CHAR_ANY_MEANS_3D 258 -1540.66 -435.786 6.039 65.0 65.0 10.0 0    // FALSE
00136071&0: [004D] GOTO_IF_FALSE 136229
00136229&0: [00D6] IF 0
00136233&0: [00FE] LOCATE_CHAR_ANY_MEANS_3D 258 1968.7 -2189.78 13.553 65.0 65.0 10.0 0    // FALSE
00136270&0: [004D] GOTO_IF_FALSE 136346
00136346&0: [00D6] IF 0
00136350&0: [00FE] LOCATE_CHAR_ANY_MEANS_3D 258 1703.4 1600.52 10.058 65.0 65.0 10.0 0    // FALSE
00136387&0: [004D] GOTO_IF_FALSE 136463
00136463&0: [00D6] IF 0
00136467&0: [00FE] LOCATE_CHAR_ANY_MEANS_3D 258 -1226.16 65.3807 13.0375 65.0 65.0 10.0 0    // FALSE
00136504&0: [004D] GOTO_IF_FALSE 136580
00136580&0: [0002] GOTO 136772
00136772&0: [0002] GOTO 136010
00136010&0: [0001] WAIT 0
Finished processing.

********************************************
 script tri
 Local variables dump:
 0 0 0 0 0 0 0 0 0 0 0 0 0 0 0 0
 0 0 0 0 0 0 0 0 0 0 0 0 0 0 0 0
 136824 136824
********************************************

00081226&0: [00D6] IF 0
00081230&0: [0038] g409(0) == 0    // TRUE
00081237&1: [004D] GOTO_IF_FALSE 81830
00081244&1: [00D6] IF 0
00081248&0: [0256] IS_PLAYER_PLAYING 0    // TRUE
00081253&1: [004D] GOTO_IF_FALSE 81830
00081260&1: [00D6] IF 21
00081264&0: [0038] g40(4) == 1    // FALSE
00081271&0: [0038] g40(4) == 7    // FALSE
00081278&0: [004D] GOTO_IF_FALSE 81830
00081830&0: [0002] GOTO 81222
00081222&0: [0001] WAIT 0
Finished processing.

********************************************
 script openup
 Local variables dump:
 0 0 0 0 0 0 0 0 0 0 0 0 0 0 0 0
 0 0 0 0 0 0 0 0 0 0 0 0 0 0 0 0
 136824 136824
********************************************

Finished processing.

********************************************
 script impnd_l
 Local variables dump:
 0 0 0 0 0 0 0 0 0 0 0 0 0 0 0 0
 0 0 0 0 0 0 0 0 0 0 0 0 0 0 0 0
 136824 136824
********************************************

Finished processing.

********************************************
 script trainsl
 Local variables dump:
 0 0 0 0 0 0 0 0 0 0 0 0 0 0 0 0
 0 0 0 0 0 0 0 0 0 0 0 0 0 0 0 0
 136824 136824
********************************************

00084533&0: [00D6] IF 0
00084537&0: [0256] IS_PLAYER_PLAYING 0    // TRUE
00084542&1: [004D] GOTO_IF_FALSE 84633
00084549&1: [00D6] IF 0
00084553&0: [00DF] IS_CHAR_IN_ANY_CAR 258    // TRUE
00084558&1: [004D] GOTO_IF_FALSE 84633
00084565&1: [00D6] IF 0
00084569&0: [00DD] IS_CHAR_IN_MODEL 258 570    // FALSE
00084577&0: [004D] GOTO_IF_FALSE 84633
00084633&0: [0002] GOTO 84529
00084529&0: [0001] WAIT 0
Finished processing.

********************************************
 script adplane
 Local variables dump:
 0 0 0 0 0 0 0 0 0 0 0 0 0 0 0 0
 0 0 0 0 0 0 0 0 0 0 0 0 0 0 0 0
 136824 136824
********************************************

00084655&0: [00D6] IF 0
00084659&0: [0256] IS_PLAYER_PLAYING 0    // TRUE
00084664&1: [004D] GOTO_IF_FALSE 85604
00084671&1: [00D6] IF 0
00084675&0: [0038] g409(0) == 0    // TRUE
00084682&1: [004D] GOTO_IF_FALSE 85604
00084689&1: [00D6] IF 0
00084693&0: [04A3] g1866(1) == 1    // TRUE
00084700&1: [004D] GOTO_IF_FALSE 84964
00084707&1: [00D6] IF 0
00084711&0: [88B4] NOT IS_GLOBAL_VAR_BIT_SET_CONST 0 1    // TRUE
00084718&1: [004D] GOTO_IF_FALSE 84927
00084725&1: [0926] COMMAND_0926 32 -> 0
00084732&1: [00D6] IF 0
00084736&0: [0038] g713(0) == 0    // TRUE
00084743&1: [004D] GOTO_IF_FALSE 84920
00084750&1: [00D6] IF 0
00084754&0: [0038] g792(1) == 0    // FALSE
00084761&0: [004D] GOTO_IF_FALSE 84797
00084797&0: [00D6] IF 0
00084801&0: [03EE] CAN_PLAYER_START_MISSION 0    // TRUE
00084806&1: [004D] GOTO_IF_FALSE 84920
00084813&1: [00D6] IF 0
00084817&0: [00FF] LOCATE_CHAR_ON_FOOT_3D 258 1685.7 -2238.9 12.5 1.2 1.2 1.2 0    // FALSE
00084854&0: [004D] GOTO_IF_FALSE 84886
00084886&0: [00D6] IF 1
00084890&1: [08AB] HAS_STREAMED_SCRIPT_LOADED 32    // FALSE
00084894&0: [0038] g1802(0) == 1    // FALSE
00084901&0: [004D] GOTO_IF_FALSE 84920
00084920&0: [0002] GOTO 84957
00084957&0: [0002] GOTO 84994
00084994&0: [00D6] IF 0
00084998&0: [04A3] g1866(1) == 2    // FALSE
00085005&0: [004D] GOTO_IF_FALSE 85269
00085269&0: [00D6] IF 0
00085273&0: [0038] g793(0) == 1    // FALSE
00085280&0: [004D] GOTO_IF_FALSE 85299
00085299&0: [00D6] IF 0
00085303&0: [04A3] g1866(1) == 3    // FALSE
00085310&0: [004D] GOTO_IF_FALSE 85574
00085574&0: [00D6] IF 0
00085578&0: [0038] g794(0) == 1    // FALSE
00085585&0: [004D] GOTO_IF_FALSE 85604
00085604&0: [0002] GOTO 84651
00084651&0: [0001] WAIT 0
Finished processing.

********************************************
 script valet_l
 Local variables dump:
 0 0 0 0 0 0 0 0 0 0 0 0 0 0 0 0
 0 0 0 0 0 0 0 0 0 0 0 0 0 0 0 0
 136824 136824
********************************************

00084329&0: [00D6] IF 0
00084333&0: [0038] g1872(0) == 1    // FALSE
00084340&0: [004D] GOTO_IF_FALSE 84511
00084511&0: [0002] GOTO 84325
00084325&0: [0001] WAIT 0
Finished processing.

********************************************
 script buy_pro
 Local variables dump:
 0 0 0 0 0 0 0 0 0 0 0 0 0 0 0 0
 0 0 0 0 0 0 0 0 0 0 0 0 0 0 0 0
 136824 136824
********************************************

00083432&0: [00D6] IF 0
00083436&0: [0256] IS_PLAYER_PLAYING 0    // TRUE
00083441&1: [004D] GOTO_IF_FALSE 83562
00083448&1: [00D6] IF 0
00083452&0: [0038] g409(0) == 0    // TRUE
00083459&1: [004D] GOTO_IF_FALSE 83562
00083466&1: [00D6] IF 0
00083470&0: [0038] g750(0) == 0    // TRUE
00083481&1: [004D] GOTO_IF_FALSE 83562
00083488&1: [00D6] IF 0
00083492&0: [0214] HAS_PICKUP_BEEN_COLLECTED 131098    // FALSE
00083501&0: [004D] GOTO_IF_FALSE 83562
00083562&0: [0008] g727(22) += 1
00083569&0: [00D6] IF 0
00083573&0: [0028] g727(23) >= 32    // FALSE
00083580&0: [004D] GOTO_IF_FALSE 83594
00083594&0: [0002] GOTO 83428
00083428&0: [0001] WAIT 0
Finished processing.

********************************************
 script cranes
 Local variables dump:
 0 0 0 0 0 0 0 0 0 0 0 0 0 0 0 0
 0 0 0 0 0 0 0 0 0 0 0 0 0 0 0 0
 136824 136824
********************************************

Finished processing.

********************************************
 script colls
 Local variables dump:
 0 0 0 0 0 0 0 0 0 0 0 0 0 0 0 0
 0 0 0 0 0 0 0 0 0 0 0 0 0 0 0 0
 136824 136824
********************************************

Finished processing.

********************************************
 script help
 Local variables dump:
 0 0 0 0 0 0 0 0 0 0 0 0 0 0 0 0
 0 0 0 0 0 0 0 0 0 0 0 0 0 0 0 0
 136824 136824
********************************************

Finished processing.

********************************************
 script flow
 Local variables dump:
 0 0 0 0 0 0 0 0 0 0 0 0 0 0 0 0
 0 0 0 0 0 0 0 0 0 0 0 0 0 0 0 0
 136824 136824
********************************************

Finished processing.

********************************************
 script psave1
 Local variables dump:
 0 0 0 0 0 0 0 0 0 0 0 0 0 0 0 0
 0 0 0 0 0 0 0 0 0 0 0 0 0 0 0 0
 136824 136824
********************************************

00087509&0: [00D6] IF 0
00087513&0: [0256] IS_PLAYER_PLAYING 0    // TRUE
00087518&1: [004D] GOTO_IF_FALSE 88311
00087525&1: [00D6] IF 0
00087529&0: [0038] g409(0) == 0    // TRUE
00087536&1: [004D] GOTO_IF_FALSE 88246
00087543&1: [00D6] IF 2
00087547&1: [0038] g2204(0) == 0    // TRUE
00087554&1: [88B4] NOT IS_GLOBAL_VAR_BIT_SET_CONST 0 20    // TRUE
00087561&1: [88B4] NOT IS_GLOBAL_VAR_BIT_SET_CONST 0 1    // TRUE
00087568&1: [004D] GOTO_IF_FALSE 88207
00087575&1: [00D6] IF 0
00087579&0: [0038] g884(1) == 0    // FALSE
00087586&0: [004D] GOTO_IF_FALSE 88021
00088021&0: [00D6] IF 0
00088025&0: [0214] HAS_PICKUP_BEEN_COLLECTED 262190    // FALSE
00088034&0: [004D] GOTO_IF_FALSE 88200
00088200&0: [0002] GOTO 88239
00088239&0: [0002] GOTO 88278
00088278&0: [0008] g883(10) += 1
00088285&0: [00D6] IF 0
00088289&0: [002C] g883(11) >= g885(13)     // FALSE
00088297&0: [004D] GOTO_IF_FALSE 88311
00088311&0: [0002] GOTO 87505
00087505&0: [0001] WAIT 0
Finished processing.

********************************************
 script kicks
 Local variables dump:
 0 0 0 0 0 0 0 0 0 0 0 0 0 0 0 0
 0 0 0 0 0 0 0 0 0 0 0 0 0 0 0 0
 136824 136824
********************************************

Finished processing.

********************************************
 script hotr
 Local variables dump:
 0 0 0 0 0 0 0 0 0 0 0 0 0 0 0 0
 0 0 0 0 0 0 0 0 0 0 0 0 0 0 0 0
 136824 136824
********************************************

Finished processing.

********************************************
 script bloodr
 Local variables dump:
 0 0 0 0 0 0 0 0 0 0 0 0 0 0 0 0
 0 0 0 0 0 0 0 0 0 0 0 0 0 0 0 0
 136824 136824
********************************************

Finished processing.

********************************************
 script shoot
 Local variables dump:
 0 0 0 0 0 0 0 0 0 0 0 0 0 0 0 0
 0 0 0 0 0 0 0 0 0 0 0 0 0 0 0 0
 136824 136824
********************************************

Finished processing.

********************************************
 script gym
 Local variables dump:
 0 0 0 0 0 0 0 0 0 0 0 0 0 0 0 0
 0 0 0 0 0 0 0 0 0 0 0 0 0 0 0 0
 136824 136824
********************************************

Finished processing.

********************************************
 script r3
 Local variables dump:
 0 0 0 0 0 0 0 0 0 0 0 0 0 0 0 0
 0 0 0 0 0 0 0 0 0 0 0 0 0 0 0 0
 136824 136824
********************************************

Finished processing.

********************************************
 script oddveh
 Local variables dump:
 0 0 0 0 0 0 0 0 0 0 0 0 0 0 0 0
 0 0 0 0 0 0 0 0 0 0 0 0 0 0 0 0
 136824 136824
********************************************

Finished processing.

********************************************
 script main
 Local variables dump:
 0 0 0 0 0 0 0 0 0 0 0 0 0 0 0 0
 0 0 0 0 0 0 0 0 0 0 0 0 0 0 0 0
 136827 136827
********************************************

00060055&0: [00D6] IF 0
00060059&0: [0256] IS_PLAYER_PLAYING 0    // TRUE
00060064&1: [004D] GOTO_IF_FALSE 61784
00060071&1: [077E] GET_AREA_VISIBLE -> 0
00060076&1: [0652] GET_INT_STAT 181 -> 0
00060084&1: [07D0] GET_CURRENT_DAY_OF_WEEK -> 4
00060089&1: [09FB] GET_CURRENT_LANGUAGE -> 0
00060094&1: [0842] GET_CITY_PLAYER_IS_IN 0 -> 1
00060102&1: [01BD] GET_GAME_TIMER -> 137050
00060107&1: [00D6] IF 0
00060111&0: [0038] g672(0) == 1    // FALSE
00060118&0: [004D] GOTO_IF_FALSE 60190
00060190&0: [00D6] IF 24
00060194&0: [03B0] IS_GARAGE_OPEN "BODLAWN"    // FALSE
00060205&0: [03B0] IS_GARAGE_OPEN "MODLAST"    // FALSE
00060216&0: [03B0] IS_GARAGE_OPEN "MDSSFSE"    // FALSE
00060227&0: [03B0] IS_GARAGE_OPEN "MDS1SFS"    // FALSE
00060238&0: [03B0] IS_GARAGE_OPEN "VECMOD"    // FALSE
00060249&0: [004D] GOTO_IF_FALSE 60312
00060312&0: [090F] COMMAND_090F 66
00060316&0: [00D6] IF 0
00060320&0: [0491] HAS_CHAR_GOT_WEAPON 258 46    // FALSE
00060327&0: [004D] GOTO_IF_FALSE 60390
00060390&0: [090F] COMMAND_090F 0
00060394&0: [00D6] IF 1
00060398&1: [0491] HAS_CHAR_GOT_WEAPON 258 43    // FALSE
00060405&0: [0038] g409(0) == 0    // TRUE
00060412&0: [004D] GOTO_IF_FALSE 60475
00060475&0: [090F] COMMAND_090F 75
00060479&0: [00D6] IF 0
00060483&0: [0038] g409(0) == 0    // TRUE
00060490&1: [004D] GOTO_IF_FALSE 61471
00060497&1: [00D6] IF 0
00060501&0: [001A] 10 g545(0) >    // TRUE
00060508&1: [004D] GOTO_IF_FALSE 60948
00060515&1: [00D6] IF 0
00060519&0: [0018] g64(0) > 2    // FALSE
00060526&0: [004D] GOTO_IF_FALSE 60948
00060948&0: [00D6] IF 1
00060952&1: [0038] g195(0) == 1    // FALSE
00060959&0: [0038] g409(0) == 0    // TRUE
00060966&0: [004D] GOTO_IF_FALSE 61169
00061169&0: [0871] SWITCH_START -1 8 0 61464 0 61297 1 61315 2 61333 3 61351 4 61369 5 61387 6 61405
00061232&0: [0872] SWITCH_CONTINUED 7 61423 -1 61464 -1 61464 -1 61464 -1 61464 -1 61464 -1 61464 -1 61464 -1 61464
00061464&0: [0002] GOTO 61510
00061510&0: [00D6] IF 0
00061514&0: [0256] IS_PLAYER_PLAYING 0    // TRUE
00061519&1: [004D] GOTO_IF_FALSE 61784
00061526&1: [00D6] IF 0
00061530&0: [00A3] IS_CHAR_IN_AREA_2D 258 2037.54 2365.37 2117.18 2483.92 0    // FALSE
00061557&0: [004D] GOTO_IF_FALSE 61620
00061620&0: [090F] COMMAND_090F 70
00061624&0: [00D6] IF 0
00061628&0: [04A3] g1866(1) == 1    // TRUE
00061635&1: [004D] GOTO_IF_FALSE 61784
00061642&1: [00D6] IF 0
00061646&0: [00FE] LOCATE_CHAR_ANY_MEANS_3D 258 658.007 -1866.31 4.4537 15.0 15.0 15.0 0    // FALSE
00061683&0: [004D] GOTO_IF_FALSE 61759
00061759&0: [00D6] IF 0
00061763&0: [0038] g157(0) == 1    // FALSE
00061770&0: [004D] GOTO_IF_FALSE 61784
00061784&0: [0002] GOTO 60051
00060051&0: [0001] WAIT 0
Finished processing.

********************************************
 script grecrui
 Local variables dump:
 1159353795 -993057769 1096061190 258 0 0 1159507352 -992976139 1096172608 0 3860 2819 2 4876 0 0
 7 0 0 0 0 107 6159 0 0 0 0 0 0 0 0 0
 136827 136827
********************************************

Finished processing.

********************************************
 script introst
 Local variables dump:
 0 0 0 0 0 0 0 0 0 0 0 0 0 0 0 0
 0 0 0 0 0 0 0 0 0 0 0 0 0 0 0 0
 129520 129520
********************************************

00094450&0: [00D6] IF 0
00094454&0: [0256] IS_PLAYER_PLAYING 0    // TRUE
00094459&1: [004D] GOTO_IF_FALSE 95283
00094466&1: [00D6] IF 0
00094470&0: [0038] g409(0) == 0    // TRUE
00094477&1: [004D] GOTO_IF_FALSE 95283
00094484&1: [00D6] IF 0
00094488&0: [0038] g54(2) == 0    // FALSE
00094495&0: [004D] GOTO_IF_FALSE 94778
00094778&0: [00D6] IF 0
00094782&0: [0038] g65(0) == 0    // TRUE
00094789&1: [004D] GOTO_IF_FALSE 94842
00094796&1: [00D6] IF 0
00094800&0: [0038] g448(0) == 1    // FALSE
00094807&0: [004D] GOTO_IF_FALSE 94842
00094842&0: [00D6] IF 0
00094846&0: [0038] g65(0) == 1    // FALSE
00094853&0: [004D] GOTO_IF_FALSE 95073
00095073&0: [00D6] IF 0
00095077&0: [0038] g65(0) == 2    // FALSE
00095084&0: [004D] GOTO_IF_FALSE 95283
00095283&0: [0002] GOTO 94446
00094446&0: [0001] WAIT 0
Finished processing.

********************************************
 script mob_ran
 Local variables dump:
 0 0 0 0 0 0 0 0 0 0 0 0 0 0 0 0
 0 0 0 0 0 0 0 0 0 0 0 0 0 0 0 0
 129520 129520
********************************************

Finished processing.

********************************************
 script mob_la1
 Local variables dump:
 0 0 0 0 0 0 0 0 0 0 0 0 0 0 0 0
 0 0 0 0 0 0 0 0 0 0 0 0 0 0 0 0
 129520 129520
********************************************

Finished processing.

********************************************
 script int
 Local variables dump:
 0 0 0 0 0 0 0 0 0 0 0 0 0 0 0 0
 0 0 0 0 0 0 0 0 0 0 0 0 0 0 0 0
 129520 129520
********************************************

Finished processing.

********************************************
 script gfagnt
 Local variables dump:
 0 0 0 -1 -1 0 0 1 4 0 -988857518 -1016527487 1109843902 1135869952 0 0
 0 0 0 0 0 0 0 0 0 0 0 0 0 0 0 0
 136825 136825
********************************************

Finished processing.

********************************************
 script intman
 Local variables dump:
 0 0 0 0 0 0 0 0 0 0 0 0 0 0 0 0
 0 0 0 0 0 0 0 0 0 0 0 0 0 0 0 0
 136825 136825
********************************************

00154954&0: [0002] GOTO 154927
00154927&0: [00D6] IF 0
00154931&0: [0256] IS_PLAYER_PLAYING 0    // TRUE
00154936&1: [004D] GOTO_IF_FALSE 154950
00154943&1: [0050] GOSUB 154961
00154961&1: [0871] SWITCH_START 0 2 0 155052 0 155024 1 155038 -1 155052 -1 155052 -1 155052 -1 155052 -1 155052
00155024&1: [0050] GOSUB 155054
00155054&1: [09E8] GET_CHAR_AREA_VISIBLE 258 -> 0
00155062&1: [00D6] IF 0
00155066&0: [8038] NOT g1250(0) == 0    // FALSE
00155073&0: [004D] GOTO_IF_FALSE 157844
00157844&0: [0051] RETURN
00155031&0: [0002] GOTO 155052
00155052&0: [0051] RETURN
00154950&0: [0001] WAIT 0
Finished processing.

********************************************
 script hj
 Local variables dump:
 0 0 0 0 0 0 0 0 0 0 0 0 0 0 0 0
 0 0 0 0 0 0 0 0 0 0 0 0 0 0 0 0
 136841 136841
********************************************

00159737&0: [00D6] IF 0
00159741&0: [8256] NOT IS_PLAYER_PLAYING 0    // FALSE
00159746&0: [004D] GOTO_IF_FALSE 159760
00159760&0: [00D6] IF 0
00159764&0: [0445] ARE_ANY_CAR_CHEATS_ACTIVATED    // FALSE
00159766&0: [004D] GOTO_IF_FALSE 159780
00159780&0: [00D6] IF 0
00159784&0: [09AE] IS_CHAR_IN_ANY_TRAIN 258    // FALSE
00159789&0: [004D] GOTO_IF_FALSE 159803
00159803&0: [00D6] IF 0
00159807&0: [04C8] IS_CHAR_IN_FLYING_VEHICLE 258    // FALSE
00159812&0: [004D] GOTO_IF_FALSE 159826
00159826&0: [00D6] IF 0
00159830&0: [04A7] IS_CHAR_IN_ANY_BOAT 258    // FALSE
00159835&0: [004D] GOTO_IF_FALSE 159849
00159849&0: [00D6] IF 0
00159853&0: [00DD] IS_CHAR_IN_MODEL 258 539    // FALSE
00159861&0: [004D] GOTO_IF_FALSE 159875
00159875&0: [00D6] IF 0
00159879&0: [89E7] NOT IS_PLAYER_CONTROL_ON 0    // FALSE
00159884&0: [004D] GOTO_IF_FALSE 159898
00159898&0: [00D6] IF 0
00159902&0: [00DF] IS_CHAR_IN_ANY_CAR 258    // TRUE
00159907&1: [004D] GOTO_IF_FALSE 161386
00159914&1: [03C0] STORE_CAR_CHAR_IS_IN_NO_SAVE 258 -> 6159
00159922&1: [04FC] GET_WHEELIE_STATS 0 -> 0 0 0 0 0 0
00159945&1: [00D6] IF 0
00159949&0: [0020] g1323(0) > 0.0    // FALSE
00159959&0: [004D] GOTO_IF_FALSE 160144
00160144&0: [00D6] IF 0
00160148&0: [0020] g1330(0) > 0.0    // FALSE
00160158&0: [004D] GOTO_IF_FALSE 160349
00160349&0: [00D6] IF 0
00160353&0: [0020] g1337(0) > 0.0    // FALSE
00160363&0: [004D] GOTO_IF_FALSE 160540
00160540&0: [00D6] IF 0
00160544&0: [01F3] IS_CAR_IN_AIR_PROPER 6159    // FALSE
00160549&0: [004D] GOTO_IF_FALSE 161372
00161372&0: [0002] GOTO 159733
00159733&0: [0001] WAIT 0
Finished processing.

********************************************
 script apcheck
 Local variables dump:
 0 0 0 0 0 0 0 0 0 0 0 0 0 0 0 0
 0 0 0 0 0 0 0 0 0 0 0 0 0 0 0 0
 136841 136841
********************************************

00136014&0: [00D6] IF 0
00136018&0: [0256] IS_PLAYER_PLAYING 0    // TRUE
00136023&1: [004D] GOTO_IF_FALSE 136587
00136030&1: [00D6] IF 0
00136034&0: [00FE] LOCATE_CHAR_ANY_MEANS_3D 258 -1540.66 -435.786 6.039 65.0 65.0 10.0 0    // FALSE
00136071&0: [004D] GOTO_IF_FALSE 136229
00136229&0: [00D6] IF 0
00136233&0: [00FE] LOCATE_CHAR_ANY_MEANS_3D 258 1968.7 -2189.78 13.553 65.0 65.0 10.0 0    // FALSE
00136270&0: [004D] GOTO_IF_FALSE 136346
00136346&0: [00D6] IF 0
00136350&0: [00FE] LOCATE_CHAR_ANY_MEANS_3D 258 1703.4 1600.52 10.058 65.0 65.0 10.0 0    // FALSE
00136387&0: [004D] GOTO_IF_FALSE 136463
00136463&0: [00D6] IF 0
00136467&0: [00FE] LOCATE_CHAR_ANY_MEANS_3D 258 -1226.16 65.3807 13.0375 65.0 65.0 10.0 0    // FALSE
00136504&0: [004D] GOTO_IF_FALSE 136580
00136580&0: [0002] GOTO 136772
00136772&0: [0002] GOTO 136010
00136010&0: [0001] WAIT 0
Finished processing.

********************************************
 script tri
 Local variables dump:
 0 0 0 0 0 0 0 0 0 0 0 0 0 0 0 0
 0 0 0 0 0 0 0 0 0 0 0 0 0 0 0 0
 136841 136841
********************************************

00081226&0: [00D6] IF 0
00081230&0: [0038] g409(0) == 0    // TRUE
00081237&1: [004D] GOTO_IF_FALSE 81830
00081244&1: [00D6] IF 0
00081248&0: [0256] IS_PLAYER_PLAYING 0    // TRUE
00081253&1: [004D] GOTO_IF_FALSE 81830
00081260&1: [00D6] IF 21
00081264&0: [0038] g40(4) == 1    // FALSE
00081271&0: [0038] g40(4) == 7    // FALSE
00081278&0: [004D] GOTO_IF_FALSE 81830
00081830&0: [0002] GOTO 81222
00081222&0: [0001] WAIT 0
Finished processing.

********************************************
 script openup
 Local variables dump:
 0 0 0 0 0 0 0 0 0 0 0 0 0 0 0 0
 0 0 0 0 0 0 0 0 0 0 0 0 0 0 0 0
 136841 136841
********************************************

Finished processing.

********************************************
 script impnd_l
 Local variables dump:
 0 0 0 0 0 0 0 0 0 0 0 0 0 0 0 0
 0 0 0 0 0 0 0 0 0 0 0 0 0 0 0 0
 136841 136841
********************************************

Finished processing.

********************************************
 script trainsl
 Local variables dump:
 0 0 0 0 0 0 0 0 0 0 0 0 0 0 0 0
 0 0 0 0 0 0 0 0 0 0 0 0 0 0 0 0
 136841 136841
********************************************

00084533&0: [00D6] IF 0
00084537&0: [0256] IS_PLAYER_PLAYING 0    // TRUE
00084542&1: [004D] GOTO_IF_FALSE 84633
00084549&1: [00D6] IF 0
00084553&0: [00DF] IS_CHAR_IN_ANY_CAR 258    // TRUE
00084558&1: [004D] GOTO_IF_FALSE 84633
00084565&1: [00D6] IF 0
00084569&0: [00DD] IS_CHAR_IN_MODEL 258 570    // FALSE
00084577&0: [004D] GOTO_IF_FALSE 84633
00084633&0: [0002] GOTO 84529
00084529&0: [0001] WAIT 0
Finished processing.

********************************************
 script adplane
 Local variables dump:
 0 0 0 0 0 0 0 0 0 0 0 0 0 0 0 0
 0 0 0 0 0 0 0 0 0 0 0 0 0 0 0 0
 136841 136841
********************************************

00084655&0: [00D6] IF 0
00084659&0: [0256] IS_PLAYER_PLAYING 0    // TRUE
00084664&1: [004D] GOTO_IF_FALSE 85604
00084671&1: [00D6] IF 0
00084675&0: [0038] g409(0) == 0    // TRUE
00084682&1: [004D] GOTO_IF_FALSE 85604
00084689&1: [00D6] IF 0
00084693&0: [04A3] g1866(1) == 1    // TRUE
00084700&1: [004D] GOTO_IF_FALSE 84964
00084707&1: [00D6] IF 0
00084711&0: [88B4] NOT IS_GLOBAL_VAR_BIT_SET_CONST 0 1    // TRUE
00084718&1: [004D] GOTO_IF_FALSE 84927
00084725&1: [0926] COMMAND_0926 32 -> 0
00084732&1: [00D6] IF 0
00084736&0: [0038] g713(0) == 0    // TRUE
00084743&1: [004D] GOTO_IF_FALSE 84920
00084750&1: [00D6] IF 0
00084754&0: [0038] g792(1) == 0    // FALSE
00084761&0: [004D] GOTO_IF_FALSE 84797
00084797&0: [00D6] IF 0
00084801&0: [03EE] CAN_PLAYER_START_MISSION 0    // TRUE
00084806&1: [004D] GOTO_IF_FALSE 84920
00084813&1: [00D6] IF 0
00084817&0: [00FF] LOCATE_CHAR_ON_FOOT_3D 258 1685.7 -2238.9 12.5 1.2 1.2 1.2 0    // FALSE
00084854&0: [004D] GOTO_IF_FALSE 84886
00084886&0: [00D6] IF 1
00084890&1: [08AB] HAS_STREAMED_SCRIPT_LOADED 32    // FALSE
00084894&0: [0038] g1802(0) == 1    // FALSE
00084901&0: [004D] GOTO_IF_FALSE 84920
00084920&0: [0002] GOTO 84957
00084957&0: [0002] GOTO 84994
00084994&0: [00D6] IF 0
00084998&0: [04A3] g1866(1) == 2    // FALSE
00085005&0: [004D] GOTO_IF_FALSE 85269
00085269&0: [00D6] IF 0
00085273&0: [0038] g793(0) == 1    // FALSE
00085280&0: [004D] GOTO_IF_FALSE 85299
00085299&0: [00D6] IF 0
00085303&0: [04A3] g1866(1) == 3    // FALSE
00085310&0: [004D] GOTO_IF_FALSE 85574
00085574&0: [00D6] IF 0
00085578&0: [0038] g794(0) == 1    // FALSE
00085585&0: [004D] GOTO_IF_FALSE 85604
00085604&0: [0002] GOTO 84651
00084651&0: [0001] WAIT 0
Finished processing.

********************************************
 script valet_l
 Local variables dump:
 0 0 0 0 0 0 0 0 0 0 0 0 0 0 0 0
 0 0 0 0 0 0 0 0 0 0 0 0 0 0 0 0
 136841 136841
********************************************

00084329&0: [00D6] IF 0
00084333&0: [0038] g1872(0) == 1    // FALSE
00084340&0: [004D] GOTO_IF_FALSE 84511
00084511&0: [0002] GOTO 84325
00084325&0: [0001] WAIT 0
Finished processing.

********************************************
 script buy_pro
 Local variables dump:
 0 0 0 0 0 0 0 0 0 0 0 0 0 0 0 0
 0 0 0 0 0 0 0 0 0 0 0 0 0 0 0 0
 136841 136841
********************************************

00083432&0: [00D6] IF 0
00083436&0: [0256] IS_PLAYER_PLAYING 0    // TRUE
00083441&1: [004D] GOTO_IF_FALSE 83562
00083448&1: [00D6] IF 0
00083452&0: [0038] g409(0) == 0    // TRUE
00083459&1: [004D] GOTO_IF_FALSE 83562
00083466&1: [00D6] IF 0
00083470&0: [0038] g751(0) == 0    // TRUE
00083481&1: [004D] GOTO_IF_FALSE 83562
00083488&1: [00D6] IF 0
00083492&0: [0214] HAS_PICKUP_BEEN_COLLECTED 131099    // FALSE
00083501&0: [004D] GOTO_IF_FALSE 83562
00083562&0: [0008] g727(23) += 1
00083569&0: [00D6] IF 0
00083573&0: [0028] g727(24) >= 32    // FALSE
00083580&0: [004D] GOTO_IF_FALSE 83594
00083594&0: [0002] GOTO 83428
00083428&0: [0001] WAIT 0
Finished processing.

********************************************
 script cranes
 Local variables dump:
 0 0 0 0 0 0 0 0 0 0 0 0 0 0 0 0
 0 0 0 0 0 0 0 0 0 0 0 0 0 0 0 0
 136841 136841
********************************************

Finished processing.

********************************************
 script colls
 Local variables dump:
 0 0 0 0 0 0 0 0 0 0 0 0 0 0 0 0
 0 0 0 0 0 0 0 0 0 0 0 0 0 0 0 0
 136841 136841
********************************************

Finished processing.

********************************************
 script help
 Local variables dump:
 0 0 0 0 0 0 0 0 0 0 0 0 0 0 0 0
 0 0 0 0 0 0 0 0 0 0 0 0 0 0 0 0
 136841 136841
********************************************

Finished processing.

********************************************
 script flow
 Local variables dump:
 0 0 0 0 0 0 0 0 0 0 0 0 0 0 0 0
 0 0 0 0 0 0 0 0 0 0 0 0 0 0 0 0
 136841 136841
********************************************

Finished processing.

********************************************
 script psave1
 Local variables dump:
 0 0 0 0 0 0 0 0 0 0 0 0 0 0 0 0
 0 0 0 0 0 0 0 0 0 0 0 0 0 0 0 0
 136841 136841
********************************************

00087509&0: [00D6] IF 0
00087513&0: [0256] IS_PLAYER_PLAYING 0    // TRUE
00087518&1: [004D] GOTO_IF_FALSE 88311
00087525&1: [00D6] IF 0
00087529&0: [0038] g409(0) == 0    // TRUE
00087536&1: [004D] GOTO_IF_FALSE 88246
00087543&1: [00D6] IF 2
00087547&1: [0038] g2204(0) == 0    // TRUE
00087554&1: [88B4] NOT IS_GLOBAL_VAR_BIT_SET_CONST 0 20    // TRUE
00087561&1: [88B4] NOT IS_GLOBAL_VAR_BIT_SET_CONST 0 1    // TRUE
00087568&1: [004D] GOTO_IF_FALSE 88207
00087575&1: [00D6] IF 0
00087579&0: [0038] g884(1) == 0    // FALSE
00087586&0: [004D] GOTO_IF_FALSE 88021
00088021&0: [00D6] IF 0
00088025&0: [0214] HAS_PICKUP_BEEN_COLLECTED 262191    // FALSE
00088034&0: [004D] GOTO_IF_FALSE 88200
00088200&0: [0002] GOTO 88239
00088239&0: [0002] GOTO 88278
00088278&0: [0008] g883(11) += 1
00088285&0: [00D6] IF 0
00088289&0: [002C] g883(12) >= g885(13)     // FALSE
00088297&0: [004D] GOTO_IF_FALSE 88311
00088311&0: [0002] GOTO 87505
00087505&0: [0001] WAIT 0
Finished processing.

********************************************
 script kicks
 Local variables dump:
 0 0 0 0 0 0 0 0 0 0 0 0 0 0 0 0
 0 0 0 0 0 0 0 0 0 0 0 0 0 0 0 0
 136841 136841
********************************************

Finished processing.

********************************************
 script hotr
 Local variables dump:
 0 0 0 0 0 0 0 0 0 0 0 0 0 0 0 0
 0 0 0 0 0 0 0 0 0 0 0 0 0 0 0 0
 136841 136841
********************************************

Finished processing.

********************************************
 script bloodr
 Local variables dump:
 0 0 0 0 0 0 0 0 0 0 0 0 0 0 0 0
 0 0 0 0 0 0 0 0 0 0 0 0 0 0 0 0
 136841 136841
********************************************

Finished processing.

********************************************
 script shoot
 Local variables dump:
 0 0 0 0 0 0 0 0 0 0 0 0 0 0 0 0
 0 0 0 0 0 0 0 0 0 0 0 0 0 0 0 0
 136841 136841
********************************************

Finished processing.

********************************************
 script gym
 Local variables dump:
 0 0 0 0 0 0 0 0 0 0 0 0 0 0 0 0
 0 0 0 0 0 0 0 0 0 0 0 0 0 0 0 0
 136841 136841
********************************************

Finished processing.

********************************************
 script r3
 Local variables dump:
 0 0 0 0 0 0 0 0 0 0 0 0 0 0 0 0
 0 0 0 0 0 0 0 0 0 0 0 0 0 0 0 0
 136841 136841
********************************************

Finished processing.

********************************************
 script oddveh
 Local variables dump:
 0 0 0 0 0 0 0 0 0 0 0 0 0 0 0 0
 0 0 0 0 0 0 0 0 0 0 0 0 0 0 0 0
 136841 136841
********************************************

Finished processing.

********************************************
 script main
 Local variables dump:
 0 0 0 0 0 0 0 0 0 0 0 0 0 0 0 0
 0 0 0 0 0 0 0 0 0 0 0 0 0 0 0 0
 136844 136844
********************************************

00060055&0: [00D6] IF 0
00060059&0: [0256] IS_PLAYER_PLAYING 0    // TRUE
00060064&1: [004D] GOTO_IF_FALSE 61784
00060071&1: [077E] GET_AREA_VISIBLE -> 0
00060076&1: [0652] GET_INT_STAT 181 -> 0
00060084&1: [07D0] GET_CURRENT_DAY_OF_WEEK -> 4
00060089&1: [09FB] GET_CURRENT_LANGUAGE -> 0
00060094&1: [0842] GET_CITY_PLAYER_IS_IN 0 -> 1
00060102&1: [01BD] GET_GAME_TIMER -> 137067
00060107&1: [00D6] IF 0
00060111&0: [0038] g672(0) == 1    // FALSE
00060118&0: [004D] GOTO_IF_FALSE 60190
00060190&0: [00D6] IF 24
00060194&0: [03B0] IS_GARAGE_OPEN "BODLAWN"    // FALSE
00060205&0: [03B0] IS_GARAGE_OPEN "MODLAST"    // FALSE
00060216&0: [03B0] IS_GARAGE_OPEN "MDSSFSE"    // FALSE
00060227&0: [03B0] IS_GARAGE_OPEN "MDS1SFS"    // FALSE
00060238&0: [03B0] IS_GARAGE_OPEN "VECMOD"    // FALSE
00060249&0: [004D] GOTO_IF_FALSE 60312
00060312&0: [090F] COMMAND_090F 66
00060316&0: [00D6] IF 0
00060320&0: [0491] HAS_CHAR_GOT_WEAPON 258 46    // FALSE
00060327&0: [004D] GOTO_IF_FALSE 60390
00060390&0: [090F] COMMAND_090F 0
00060394&0: [00D6] IF 1
00060398&1: [0491] HAS_CHAR_GOT_WEAPON 258 43    // FALSE
00060405&0: [0038] g409(0) == 0    // TRUE
00060412&0: [004D] GOTO_IF_FALSE 60475
00060475&0: [090F] COMMAND_090F 75
00060479&0: [00D6] IF 0
00060483&0: [0038] g409(0) == 0    // TRUE
00060490&1: [004D] GOTO_IF_FALSE 61471
00060497&1: [00D6] IF 0
00060501&0: [001A] 10 g545(0) >    // TRUE
00060508&1: [004D] GOTO_IF_FALSE 60948
00060515&1: [00D6] IF 0
00060519&0: [0018] g64(0) > 2    // FALSE
00060526&0: [004D] GOTO_IF_FALSE 60948
00060948&0: [00D6] IF 1
00060952&1: [0038] g195(0) == 1    // FALSE
00060959&0: [0038] g409(0) == 0    // TRUE
00060966&0: [004D] GOTO_IF_FALSE 61169
00061169&0: [0871] SWITCH_START -1 8 0 61464 0 61297 1 61315 2 61333 3 61351 4 61369 5 61387 6 61405
00061232&0: [0872] SWITCH_CONTINUED 7 61423 -1 61464 -1 61464 -1 61464 -1 61464 -1 61464 -1 61464 -1 61464 -1 61464
00061464&0: [0002] GOTO 61510
00061510&0: [00D6] IF 0
00061514&0: [0256] IS_PLAYER_PLAYING 0    // TRUE
00061519&1: [004D] GOTO_IF_FALSE 61784
00061526&1: [00D6] IF 0
00061530&0: [00A3] IS_CHAR_IN_AREA_2D 258 2037.54 2365.37 2117.18 2483.92 0    // FALSE
00061557&0: [004D] GOTO_IF_FALSE 61620
00061620&0: [090F] COMMAND_090F 70
00061624&0: [00D6] IF 0
00061628&0: [04A3] g1866(1) == 1    // TRUE
00061635&1: [004D] GOTO_IF_FALSE 61784
00061642&1: [00D6] IF 0
00061646&0: [00FE] LOCATE_CHAR_ANY_MEANS_3D 258 658.007 -1866.31 4.4537 15.0 15.0 15.0 0    // FALSE
00061683&0: [004D] GOTO_IF_FALSE 61759
00061759&0: [00D6] IF 0
00061763&0: [0038] g157(0) == 1    // FALSE
00061770&0: [004D] GOTO_IF_FALSE 61784
00061784&0: [0002] GOTO 60051
00060051&0: [0001] WAIT 0
Finished processing.

********************************************
 script grecrui
 Local variables dump:
 1159353795 -993057769 1096061190 258 0 0 1159507352 -992976139 1096172608 0 3860 2819 2 4876 0 0
 7 0 0 0 0 107 6159 0 0 0 0 0 0 0 0 0
 136844 136844
********************************************

Finished processing.

********************************************
 script introst
 Local variables dump:
 0 0 0 0 0 0 0 0 0 0 0 0 0 0 0 0
 0 0 0 0 0 0 0 0 0 0 0 0 0 0 0 0
 129536 129536
********************************************

00094450&0: [00D6] IF 0
00094454&0: [0256] IS_PLAYER_PLAYING 0    // TRUE
00094459&1: [004D] GOTO_IF_FALSE 95283
00094466&1: [00D6] IF 0
00094470&0: [0038] g409(0) == 0    // TRUE
00094477&1: [004D] GOTO_IF_FALSE 95283
00094484&1: [00D6] IF 0
00094488&0: [0038] g54(2) == 0    // FALSE
00094495&0: [004D] GOTO_IF_FALSE 94778
00094778&0: [00D6] IF 0
00094782&0: [0038] g65(0) == 0    // TRUE
00094789&1: [004D] GOTO_IF_FALSE 94842
00094796&1: [00D6] IF 0
00094800&0: [0038] g448(0) == 1    // FALSE
00094807&0: [004D] GOTO_IF_FALSE 94842
00094842&0: [00D6] IF 0
00094846&0: [0038] g65(0) == 1    // FALSE
00094853&0: [004D] GOTO_IF_FALSE 95073
00095073&0: [00D6] IF 0
00095077&0: [0038] g65(0) == 2    // FALSE
00095084&0: [004D] GOTO_IF_FALSE 95283
00095283&0: [0002] GOTO 94446
00094446&0: [0001] WAIT 0
Finished processing.

********************************************
 script mob_ran
 Local variables dump:
 0 0 0 0 0 0 0 0 0 0 0 0 0 0 0 0
 0 0 0 0 0 0 0 0 0 0 0 0 0 0 0 0
 129536 129536
********************************************

Finished processing.

********************************************
 script mob_la1
 Local variables dump:
 0 0 0 0 0 0 0 0 0 0 0 0 0 0 0 0
 0 0 0 0 0 0 0 0 0 0 0 0 0 0 0 0
 129536 129536
********************************************

00180177&0: [00D6] IF 1
00180181&1: [0038] g409(0) == 0    // TRUE
00180188&1: [0038] g1413(1) == 0    // FALSE
00180195&0: [004D] GOTO_IF_FALSE 180214
00180214&0: [00D6] IF 0
00180218&0: [0018] g25(0) > 0    // FALSE
00180225&0: [004D] GOTO_IF_FALSE 180234
00180234&0: [0050] GOSUB 99487
00099487&0: [0004] g39(0) = 0
00099494&0: [00D6] IF 0
00099498&0: [0256] IS_PLAYER_PLAYING 0    // TRUE
00099503&1: [004D] GOTO_IF_FALSE 99722
00099510&1: [00D6] IF 0
00099514&0: [0038] g409(0) == 0    // TRUE
00099521&1: [004D] GOTO_IF_FALSE 99722
00099528&1: [00D6] IF 0
00099532&0: [0038] g43(0) == 0    // TRUE
00099539&1: [004D] GOTO_IF_FALSE 99722
00099546&1: [00D6] IF 0
00099550&0: [0038] g15(0) == 0    // TRUE
00099557&1: [004D] GOTO_IF_FALSE 99722
00099564&1: [00D6] IF 0
00099568&0: [0038] g1513(0) == 0    // TRUE
00099575&1: [004D] GOTO_IF_FALSE 99722
00099582&1: [00D6] IF 0
00099586&0: [88B4] NOT IS_GLOBAL_VAR_BIT_SET_CONST 0 1    // TRUE
00099593&1: [004D] GOTO_IF_FALSE 99722
00099600&1: [00D6] IF 0
00099604&0: [88B4] NOT IS_GLOBAL_VAR_BIT_SET_CONST 0 20    // TRUE
00099611&1: [004D] GOTO_IF_FALSE 99722
00099618&1: [00D6] IF 0
00099622&0: [89BE] NOT IS_MINIGAME_IN_PROGRESS    // TRUE
00099624&1: [004D] GOTO_IF_FALSE 99722
00099631&1: [00D6] IF 0
00099635&0: [03EE] CAN_PLAYER_START_MISSION 0    // TRUE
00099640&1: [004D] GOTO_IF_FALSE 99722
00099647&1: [00D6] IF 0
00099651&0: [044B] IS_CHAR_ON_FOOT 258    // FALSE
00099656&0: [004D] GOTO_IF_FALSE 99722
00099722&0: [0051] RETURN
00180241&0: [00D6] IF 0
00180245&0: [0256] IS_PLAYER_PLAYING 0    // TRUE
00180250&1: [004D] GOTO_IF_FALSE 181870
00180257&1: [00D6] IF 0
00180261&0: [0038] g39(0) == 1    // FALSE
00180268&0: [004D] GOTO_IF_FALSE 181863
00181863&0: [0002] GOTO 181877
00181877&0: [0002] GOTO 180173
00180173&0: [0001] WAIT 90
Finished processing.

********************************************
 script int
 Local variables dump:
 0 0 0 0 0 0 0 0 0 0 0 0 0 0 0 0
 0 0 0 0 0 0 0 0 0 0 0 0 0 0 0 0
 129536 129536
********************************************

Finished processing.

********************************************
 script gfagnt
 Local variables dump:
 0 0 0 -1 -1 0 0 1 4 0 -988857518 -1016527487 1109843902 1135869952 0 0
 0 0 0 0 0 0 0 0 0 0 0 0 0 0 0 0
 136841 136841
********************************************

Finished processing.

********************************************
 script intman
 Local variables dump:
 0 0 0 0 0 0 0 0 0 0 0 0 0 0 0 0
 0 0 0 0 0 0 0 0 0 0 0 0 0 0 0 0
 136841 136841
********************************************

00154954&0: [0002] GOTO 154927
00154927&0: [00D6] IF 0
00154931&0: [0256] IS_PLAYER_PLAYING 0    // TRUE
00154936&1: [004D] GOTO_IF_FALSE 154950
00154943&1: [0050] GOSUB 154961
00154961&1: [0871] SWITCH_START 0 2 0 155052 0 155024 1 155038 -1 155052 -1 155052 -1 155052 -1 155052 -1 155052
00155024&1: [0050] GOSUB 155054
00155054&1: [09E8] GET_CHAR_AREA_VISIBLE 258 -> 0
00155062&1: [00D6] IF 0
00155066&0: [8038] NOT g1250(0) == 0    // FALSE
00155073&0: [004D] GOTO_IF_FALSE 157844
00157844&0: [0051] RETURN
00155031&0: [0002] GOTO 155052
00155052&0: [0051] RETURN
00154950&0: [0001] WAIT 0
Finished processing.

********************************************
 script hj
 Local variables dump:
 0 0 0 0 0 0 0 0 0 0 0 0 0 0 0 0
 0 0 0 0 0 0 0 0 0 0 0 0 0 0 0 0
 136857 136857
********************************************

00159737&0: [00D6] IF 0
00159741&0: [8256] NOT IS_PLAYER_PLAYING 0    // FALSE
00159746&0: [004D] GOTO_IF_FALSE 159760
00159760&0: [00D6] IF 0
00159764&0: [0445] ARE_ANY_CAR_CHEATS_ACTIVATED    // FALSE
00159766&0: [004D] GOTO_IF_FALSE 159780
00159780&0: [00D6] IF 0
00159784&0: [09AE] IS_CHAR_IN_ANY_TRAIN 258    // FALSE
00159789&0: [004D] GOTO_IF_FALSE 159803
00159803&0: [00D6] IF 0
00159807&0: [04C8] IS_CHAR_IN_FLYING_VEHICLE 258    // FALSE
00159812&0: [004D] GOTO_IF_FALSE 159826
00159826&0: [00D6] IF 0
00159830&0: [04A7] IS_CHAR_IN_ANY_BOAT 258    // FALSE
00159835&0: [004D] GOTO_IF_FALSE 159849
00159849&0: [00D6] IF 0
00159853&0: [00DD] IS_CHAR_IN_MODEL 258 539    // FALSE
00159861&0: [004D] GOTO_IF_FALSE 159875
00159875&0: [00D6] IF 0
00159879&0: [89E7] NOT IS_PLAYER_CONTROL_ON 0    // FALSE
00159884&0: [004D] GOTO_IF_FALSE 159898
00159898&0: [00D6] IF 0
00159902&0: [00DF] IS_CHAR_IN_ANY_CAR 258    // TRUE
00159907&1: [004D] GOTO_IF_FALSE 161386
00159914&1: [03C0] STORE_CAR_CHAR_IS_IN_NO_SAVE 258 -> 6159
00159922&1: [04FC] GET_WHEELIE_STATS 0 -> 0 0 0 0 0 0
00159945&1: [00D6] IF 0
00159949&0: [0020] g1323(0) > 0.0    // FALSE
00159959&0: [004D] GOTO_IF_FALSE 160144
00160144&0: [00D6] IF 0
00160148&0: [0020] g1330(0) > 0.0    // FALSE
00160158&0: [004D] GOTO_IF_FALSE 160349
00160349&0: [00D6] IF 0
00160353&0: [0020] g1337(0) > 0.0    // FALSE
00160363&0: [004D] GOTO_IF_FALSE 160540
00160540&0: [00D6] IF 0
00160544&0: [01F3] IS_CAR_IN_AIR_PROPER 6159    // FALSE
00160549&0: [004D] GOTO_IF_FALSE 161372
00161372&0: [0002] GOTO 159733
00159733&0: [0001] WAIT 0
Finished processing.

********************************************
 script apcheck
 Local variables dump:
 0 0 0 0 0 0 0 0 0 0 0 0 0 0 0 0
 0 0 0 0 0 0 0 0 0 0 0 0 0 0 0 0
 136857 136857
********************************************

00136014&0: [00D6] IF 0
00136018&0: [0256] IS_PLAYER_PLAYING 0    // TRUE
00136023&1: [004D] GOTO_IF_FALSE 136587
00136030&1: [00D6] IF 0
00136034&0: [00FE] LOCATE_CHAR_ANY_MEANS_3D 258 -1540.66 -435.786 6.039 65.0 65.0 10.0 0    // FALSE
00136071&0: [004D] GOTO_IF_FALSE 136229
00136229&0: [00D6] IF 0
00136233&0: [00FE] LOCATE_CHAR_ANY_MEANS_3D 258 1968.7 -2189.78 13.553 65.0 65.0 10.0 0    // FALSE
00136270&0: [004D] GOTO_IF_FALSE 136346
00136346&0: [00D6] IF 0
00136350&0: [00FE] LOCATE_CHAR_ANY_MEANS_3D 258 1703.4 1600.52 10.058 65.0 65.0 10.0 0    // FALSE
00136387&0: [004D] GOTO_IF_FALSE 136463
00136463&0: [00D6] IF 0
00136467&0: [00FE] LOCATE_CHAR_ANY_MEANS_3D 258 -1226.16 65.3807 13.0375 65.0 65.0 10.0 0    // FALSE
00136504&0: [004D] GOTO_IF_FALSE 136580
00136580&0: [0002] GOTO 136772
00136772&0: [0002] GOTO 136010
00136010&0: [0001] WAIT 0
Finished processing.

********************************************
 script tri
 Local variables dump:
 0 0 0 0 0 0 0 0 0 0 0 0 0 0 0 0
 0 0 0 0 0 0 0 0 0 0 0 0 0 0 0 0
 136857 136857
********************************************

00081226&0: [00D6] IF 0
00081230&0: [0038] g409(0) == 0    // TRUE
00081237&1: [004D] GOTO_IF_FALSE 81830
00081244&1: [00D6] IF 0
00081248&0: [0256] IS_PLAYER_PLAYING 0    // TRUE
00081253&1: [004D] GOTO_IF_FALSE 81830
00081260&1: [00D6] IF 21
00081264&0: [0038] g40(4) == 1    // FALSE
00081271&0: [0038] g40(4) == 7    // FALSE
00081278&0: [004D] GOTO_IF_FALSE 81830
00081830&0: [0002] GOTO 81222
00081222&0: [0001] WAIT 0
Finished processing.

********************************************
 script openup
 Local variables dump:
 0 0 0 0 0 0 0 0 0 0 0 0 0 0 0 0
 0 0 0 0 0 0 0 0 0 0 0 0 0 0 0 0
 136857 136857
********************************************

Finished processing.

********************************************
 script impnd_l
 Local variables dump:
 0 0 0 0 0 0 0 0 0 0 0 0 0 0 0 0
 0 0 0 0 0 0 0 0 0 0 0 0 0 0 0 0
 136857 136857
********************************************

Finished processing.

********************************************
 script trainsl
 Local variables dump:
 0 0 0 0 0 0 0 0 0 0 0 0 0 0 0 0
 0 0 0 0 0 0 0 0 0 0 0 0 0 0 0 0
 136857 136857
********************************************

00084533&0: [00D6] IF 0
00084537&0: [0256] IS_PLAYER_PLAYING 0    // TRUE
00084542&1: [004D] GOTO_IF_FALSE 84633
00084549&1: [00D6] IF 0
00084553&0: [00DF] IS_CHAR_IN_ANY_CAR 258    // TRUE
00084558&1: [004D] GOTO_IF_FALSE 84633
00084565&1: [00D6] IF 0
00084569&0: [00DD] IS_CHAR_IN_MODEL 258 570    // FALSE
00084577&0: [004D] GOTO_IF_FALSE 84633
00084633&0: [0002] GOTO 84529
00084529&0: [0001] WAIT 0
Finished processing.

********************************************
 script adplane
 Local variables dump:
 0 0 0 0 0 0 0 0 0 0 0 0 0 0 0 0
 0 0 0 0 0 0 0 0 0 0 0 0 0 0 0 0
 136857 136857
********************************************

00084655&0: [00D6] IF 0
00084659&0: [0256] IS_PLAYER_PLAYING 0    // TRUE
00084664&1: [004D] GOTO_IF_FALSE 85604
00084671&1: [00D6] IF 0
00084675&0: [0038] g409(0) == 0    // TRUE
00084682&1: [004D] GOTO_IF_FALSE 85604
00084689&1: [00D6] IF 0
00084693&0: [04A3] g1866(1) == 1    // TRUE
00084700&1: [004D] GOTO_IF_FALSE 84964
00084707&1: [00D6] IF 0
00084711&0: [88B4] NOT IS_GLOBAL_VAR_BIT_SET_CONST 0 1    // TRUE
00084718&1: [004D] GOTO_IF_FALSE 84927
00084725&1: [0926] COMMAND_0926 32 -> 0
00084732&1: [00D6] IF 0
00084736&0: [0038] g713(0) == 0    // TRUE
00084743&1: [004D] GOTO_IF_FALSE 84920
00084750&1: [00D6] IF 0
00084754&0: [0038] g792(1) == 0    // FALSE
00084761&0: [004D] GOTO_IF_FALSE 84797
00084797&0: [00D6] IF 0
00084801&0: [03EE] CAN_PLAYER_START_MISSION 0    // TRUE
00084806&1: [004D] GOTO_IF_FALSE 84920
00084813&1: [00D6] IF 0
00084817&0: [00FF] LOCATE_CHAR_ON_FOOT_3D 258 1685.7 -2238.9 12.5 1.2 1.2 1.2 0    // FALSE
00084854&0: [004D] GOTO_IF_FALSE 84886
00084886&0: [00D6] IF 1
00084890&1: [08AB] HAS_STREAMED_SCRIPT_LOADED 32    // FALSE
00084894&0: [0038] g1802(0) == 1    // FALSE
00084901&0: [004D] GOTO_IF_FALSE 84920
00084920&0: [0002] GOTO 84957
00084957&0: [0002] GOTO 84994
00084994&0: [00D6] IF 0
00084998&0: [04A3] g1866(1) == 2    // FALSE
00085005&0: [004D] GOTO_IF_FALSE 85269
00085269&0: [00D6] IF 0
00085273&0: [0038] g793(0) == 1    // FALSE
00085280&0: [004D] GOTO_IF_FALSE 85299
00085299&0: [00D6] IF 0
00085303&0: [04A3] g1866(1) == 3    // FALSE
00085310&0: [004D] GOTO_IF_FALSE 85574
00085574&0: [00D6] IF 0
00085578&0: [0038] g794(0) == 1    // FALSE
00085585&0: [004D] GOTO_IF_FALSE 85604
00085604&0: [0002] GOTO 84651
00084651&0: [0001] WAIT 0
Finished processing.

********************************************
 script valet_l
 Local variables dump:
 0 0 0 0 0 0 0 0 0 0 0 0 0 0 0 0
 0 0 0 0 0 0 0 0 0 0 0 0 0 0 0 0
 136857 136857
********************************************

00084329&0: [00D6] IF 0
00084333&0: [0038] g1872(0) == 1    // FALSE
00084340&0: [004D] GOTO_IF_FALSE 84511
00084511&0: [0002] GOTO 84325
00084325&0: [0001] WAIT 0
Finished processing.

********************************************
 script buy_pro
 Local variables dump:
 0 0 0 0 0 0 0 0 0 0 0 0 0 0 0 0
 0 0 0 0 0 0 0 0 0 0 0 0 0 0 0 0
 136857 136857
********************************************

00083432&0: [00D6] IF 0
00083436&0: [0256] IS_PLAYER_PLAYING 0    // TRUE
00083441&1: [004D] GOTO_IF_FALSE 83562
00083448&1: [00D6] IF 0
00083452&0: [0038] g409(0) == 0    // TRUE
00083459&1: [004D] GOTO_IF_FALSE 83562
00083466&1: [00D6] IF 0
00083470&0: [0038] g752(0) == 0    // TRUE
00083481&1: [004D] GOTO_IF_FALSE 83562
00083488&1: [00D6] IF 0
00083492&0: [0214] HAS_PICKUP_BEEN_COLLECTED 131100    // FALSE
00083501&0: [004D] GOTO_IF_FALSE 83562
00083562&0: [0008] g727(24) += 1
00083569&0: [00D6] IF 0
00083573&0: [0028] g727(25) >= 32    // FALSE
00083580&0: [004D] GOTO_IF_FALSE 83594
00083594&0: [0002] GOTO 83428
00083428&0: [0001] WAIT 0
Finished processing.

********************************************
 script cranes
 Local variables dump:
 0 0 0 0 0 0 0 0 0 0 0 0 0 0 0 0
 0 0 0 0 0 0 0 0 0 0 0 0 0 0 0 0
 136857 136857
********************************************

Finished processing.

********************************************
 script colls
 Local variables dump:
 0 0 0 0 0 0 0 0 0 0 0 0 0 0 0 0
 0 0 0 0 0 0 0 0 0 0 0 0 0 0 0 0
 136857 136857
********************************************

Finished processing.

********************************************
 script help
 Local variables dump:
 0 0 0 0 0 0 0 0 0 0 0 0 0 0 0 0
 0 0 0 0 0 0 0 0 0 0 0 0 0 0 0 0
 136857 136857
********************************************

Finished processing.

********************************************
 script flow
 Local variables dump:
 0 0 0 0 0 0 0 0 0 0 0 0 0 0 0 0
 0 0 0 0 0 0 0 0 0 0 0 0 0 0 0 0
 136857 136857
********************************************

Finished processing.

********************************************
 script psave1
 Local variables dump:
 0 0 0 0 0 0 0 0 0 0 0 0 0 0 0 0
 0 0 0 0 0 0 0 0 0 0 0 0 0 0 0 0
 136857 136857
********************************************

00087509&0: [00D6] IF 0
00087513&0: [0256] IS_PLAYER_PLAYING 0    // TRUE
00087518&1: [004D] GOTO_IF_FALSE 88311
00087525&1: [00D6] IF 0
00087529&0: [0038] g409(0) == 0    // TRUE
00087536&1: [004D] GOTO_IF_FALSE 88246
00087543&1: [00D6] IF 2
00087547&1: [0038] g2204(0) == 0    // TRUE
00087554&1: [88B4] NOT IS_GLOBAL_VAR_BIT_SET_CONST 0 20    // TRUE
00087561&1: [88B4] NOT IS_GLOBAL_VAR_BIT_SET_CONST 0 1    // TRUE
00087568&1: [004D] GOTO_IF_FALSE 88207
00087575&1: [00D6] IF 0
00087579&0: [0038] g884(1) == 0    // FALSE
00087586&0: [004D] GOTO_IF_FALSE 88021
00088021&0: [00D6] IF 0
00088025&0: [0214] HAS_PICKUP_BEEN_COLLECTED 262192    // FALSE
00088034&0: [004D] GOTO_IF_FALSE 88200
00088200&0: [0002] GOTO 88239
00088239&0: [0002] GOTO 88278
00088278&0: [0008] g883(12) += 1
00088285&0: [00D6] IF 0
00088289&0: [002C] g883(13) >= g885(13)     // TRUE
00088297&1: [004D] GOTO_IF_FALSE 88311
00088304&1: [0004] g883(13) = 0
00088311&1: [0002] GOTO 87505
00087505&1: [0001] WAIT 0
Finished processing.

********************************************
 script kicks
 Local variables dump:
 0 0 0 0 0 0 0 0 0 0 0 0 0 0 0 0
 0 0 0 0 0 0 0 0 0 0 0 0 0 0 0 0
 136857 136857
********************************************

Finished processing.

********************************************
 script hotr
 Local variables dump:
 0 0 0 0 0 0 0 0 0 0 0 0 0 0 0 0
 0 0 0 0 0 0 0 0 0 0 0 0 0 0 0 0
 136857 136857
********************************************

Finished processing.

********************************************
 script bloodr
 Local variables dump:
 0 0 0 0 0 0 0 0 0 0 0 0 0 0 0 0
 0 0 0 0 0 0 0 0 0 0 0 0 0 0 0 0
 136857 136857
********************************************

Finished processing.

********************************************
 script shoot
 Local variables dump:
 0 0 0 0 0 0 0 0 0 0 0 0 0 0 0 0
 0 0 0 0 0 0 0 0 0 0 0 0 0 0 0 0
 136857 136857
********************************************

Finished processing.

********************************************
 script gym
 Local variables dump:
 0 0 0 0 0 0 0 0 0 0 0 0 0 0 0 0
 0 0 0 0 0 0 0 0 0 0 0 0 0 0 0 0
 136857 136857
********************************************

Finished processing.

********************************************
 script r3
 Local variables dump:
 0 0 0 0 0 0 0 0 0 0 0 0 0 0 0 0
 0 0 0 0 0 0 0 0 0 0 0 0 0 0 0 0
 136857 136857
********************************************

Finished processing.

********************************************
 script oddveh
 Local variables dump:
 0 0 0 0 0 0 0 0 0 0 0 0 0 0 0 0
 0 0 0 0 0 0 0 0 0 0 0 0 0 0 0 0
 136857 136857
********************************************

Finished processing.

********************************************
 script main
 Local variables dump:
 0 0 0 0 0 0 0 0 0 0 0 0 0 0 0 0
 0 0 0 0 0 0 0 0 0 0 0 0 0 0 0 0
 136860 136860
********************************************

00060055&0: [00D6] IF 0
00060059&0: [0256] IS_PLAYER_PLAYING 0    // TRUE
00060064&1: [004D] GOTO_IF_FALSE 61784
00060071&1: [077E] GET_AREA_VISIBLE -> 0
00060076&1: [0652] GET_INT_STAT 181 -> 0
00060084&1: [07D0] GET_CURRENT_DAY_OF_WEEK -> 4
00060089&1: [09FB] GET_CURRENT_LANGUAGE -> 0
00060094&1: [0842] GET_CITY_PLAYER_IS_IN 0 -> 1
00060102&1: [01BD] GET_GAME_TIMER -> 137084
00060107&1: [00D6] IF 0
00060111&0: [0038] g672(0) == 1    // FALSE
00060118&0: [004D] GOTO_IF_FALSE 60190
00060190&0: [00D6] IF 24
00060194&0: [03B0] IS_GARAGE_OPEN "BODLAWN"    // FALSE
00060205&0: [03B0] IS_GARAGE_OPEN "MODLAST"    // FALSE
00060216&0: [03B0] IS_GARAGE_OPEN "MDSSFSE"    // FALSE
00060227&0: [03B0] IS_GARAGE_OPEN "MDS1SFS"    // FALSE
00060238&0: [03B0] IS_GARAGE_OPEN "VECMOD"    // FALSE
00060249&0: [004D] GOTO_IF_FALSE 60312
00060312&0: [090F] COMMAND_090F 66
00060316&0: [00D6] IF 0
00060320&0: [0491] HAS_CHAR_GOT_WEAPON 258 46    // FALSE
00060327&0: [004D] GOTO_IF_FALSE 60390
00060390&0: [090F] COMMAND_090F 0
00060394&0: [00D6] IF 1
00060398&1: [0491] HAS_CHAR_GOT_WEAPON 258 43    // FALSE
00060405&0: [0038] g409(0) == 0    // TRUE
00060412&0: [004D] GOTO_IF_FALSE 60475
00060475&0: [090F] COMMAND_090F 75
00060479&0: [00D6] IF 0
00060483&0: [0038] g409(0) == 0    // TRUE
00060490&1: [004D] GOTO_IF_FALSE 61471
00060497&1: [00D6] IF 0
00060501&0: [001A] 10 g545(0) >    // TRUE
00060508&1: [004D] GOTO_IF_FALSE 60948
00060515&1: [00D6] IF 0
00060519&0: [0018] g64(0) > 2    // FALSE
00060526&0: [004D] GOTO_IF_FALSE 60948
00060948&0: [00D6] IF 1
00060952&1: [0038] g195(0) == 1    // FALSE
00060959&0: [0038] g409(0) == 0    // TRUE
00060966&0: [004D] GOTO_IF_FALSE 61169
00061169&0: [0871] SWITCH_START -1 8 0 61464 0 61297 1 61315 2 61333 3 61351 4 61369 5 61387 6 61405
00061232&0: [0872] SWITCH_CONTINUED 7 61423 -1 61464 -1 61464 -1 61464 -1 61464 -1 61464 -1 61464 -1 61464 -1 61464
00061464&0: [0002] GOTO 61510
00061510&0: [00D6] IF 0
00061514&0: [0256] IS_PLAYER_PLAYING 0    // TRUE
00061519&1: [004D] GOTO_IF_FALSE 61784
00061526&1: [00D6] IF 0
00061530&0: [00A3] IS_CHAR_IN_AREA_2D 258 2037.54 2365.37 2117.18 2483.92 0    // FALSE
00061557&0: [004D] GOTO_IF_FALSE 61620
00061620&0: [090F] COMMAND_090F 70
00061624&0: [00D6] IF 0
00061628&0: [04A3] g1866(1) == 1    // TRUE
00061635&1: [004D] GOTO_IF_FALSE 61784
00061642&1: [00D6] IF 0
00061646&0: [00FE] LOCATE_CHAR_ANY_MEANS_3D 258 658.007 -1866.31 4.4537 15.0 15.0 15.0 0    // FALSE
00061683&0: [004D] GOTO_IF_FALSE 61759
00061759&0: [00D6] IF 0
00061763&0: [0038] g157(0) == 1    // FALSE
00061770&0: [004D] GOTO_IF_FALSE 61784
00061784&0: [0002] GOTO 60051
00060051&0: [0001] WAIT 0
Finished processing.

********************************************
 script grecrui
 Local variables dump:
 1159353795 -993057769 1096061190 258 0 0 1159507352 -992976139 1096172608 0 3860 2819 2 4876 0 0
 7 0 0 0 0 107 6159 0 0 0 0 0 0 0 0 0
 136860 136860
********************************************

Finished processing.

********************************************
 script introst
 Local variables dump:
 0 0 0 0 0 0 0 0 0 0 0 0 0 0 0 0
 0 0 0 0 0 0 0 0 0 0 0 0 0 0 0 0
 129553 129553
********************************************

00094450&0: [00D6] IF 0
00094454&0: [0256] IS_PLAYER_PLAYING 0    // TRUE
00094459&1: [004D] GOTO_IF_FALSE 95283
00094466&1: [00D6] IF 0
00094470&0: [0038] g409(0) == 0    // TRUE
00094477&1: [004D] GOTO_IF_FALSE 95283
00094484&1: [00D6] IF 0
00094488&0: [0038] g54(2) == 0    // FALSE
00094495&0: [004D] GOTO_IF_FALSE 94778
00094778&0: [00D6] IF 0
00094782&0: [0038] g65(0) == 0    // TRUE
00094789&1: [004D] GOTO_IF_FALSE 94842
00094796&1: [00D6] IF 0
00094800&0: [0038] g448(0) == 1    // FALSE
00094807&0: [004D] GOTO_IF_FALSE 94842
00094842&0: [00D6] IF 0
00094846&0: [0038] g65(0) == 1    // FALSE
00094853&0: [004D] GOTO_IF_FALSE 95073
00095073&0: [00D6] IF 0
00095077&0: [0038] g65(0) == 2    // FALSE
00095084&0: [004D] GOTO_IF_FALSE 95283
00095283&0: [0002] GOTO 94446
00094446&0: [0001] WAIT 0
Finished processing.

********************************************
 script mob_ran
 Local variables dump:
 0 0 0 0 0 0 0 0 0 0 0 0 0 0 0 0
 0 0 0 0 0 0 0 0 0 0 0 0 0 0 0 0
 129553 129553
********************************************

Finished processing.

********************************************
 script mob_la1
 Local variables dump:
 0 0 0 0 0 0 0 0 0 0 0 0 0 0 0 0
 0 0 0 0 0 0 0 0 0 0 0 0 0 0 0 0
 129553 129553
********************************************

Finished processing.

********************************************
 script int
 Local variables dump:
 0 0 0 0 0 0 0 0 0 0 0 0 0 0 0 0
 0 0 0 0 0 0 0 0 0 0 0 0 0 0 0 0
 129553 129553
********************************************

Finished processing.

********************************************
 script gfagnt
 Local variables dump:
 0 0 0 -1 -1 0 0 1 4 0 -988857518 -1016527487 1109843902 1135869952 0 0
 0 0 0 0 0 0 0 0 0 0 0 0 0 0 0 0
 136858 136858
********************************************

Finished processing.

********************************************
 script intman
 Local variables dump:
 0 0 0 0 0 0 0 0 0 0 0 0 0 0 0 0
 0 0 0 0 0 0 0 0 0 0 0 0 0 0 0 0
 136858 136858
********************************************

00154954&0: [0002] GOTO 154927
00154927&0: [00D6] IF 0
00154931&0: [0256] IS_PLAYER_PLAYING 0    // TRUE
00154936&1: [004D] GOTO_IF_FALSE 154950
00154943&1: [0050] GOSUB 154961
00154961&1: [0871] SWITCH_START 0 2 0 155052 0 155024 1 155038 -1 155052 -1 155052 -1 155052 -1 155052 -1 155052
00155024&1: [0050] GOSUB 155054
00155054&1: [09E8] GET_CHAR_AREA_VISIBLE 258 -> 0
00155062&1: [00D6] IF 0
00155066&0: [8038] NOT g1250(0) == 0    // FALSE
00155073&0: [004D] GOTO_IF_FALSE 157844
00157844&0: [0051] RETURN
00155031&0: [0002] GOTO 155052
00155052&0: [0051] RETURN
00154950&0: [0001] WAIT 0
Finished processing.

********************************************
 script hj
 Local variables dump:
 0 0 0 0 0 0 0 0 0 0 0 0 0 0 0 0
 0 0 0 0 0 0 0 0 0 0 0 0 0 0 0 0
 136874 136874
********************************************

00159737&0: [00D6] IF 0
00159741&0: [8256] NOT IS_PLAYER_PLAYING 0    // FALSE
00159746&0: [004D] GOTO_IF_FALSE 159760
00159760&0: [00D6] IF 0
00159764&0: [0445] ARE_ANY_CAR_CHEATS_ACTIVATED    // FALSE
00159766&0: [004D] GOTO_IF_FALSE 159780
00159780&0: [00D6] IF 0
00159784&0: [09AE] IS_CHAR_IN_ANY_TRAIN 258    // FALSE
00159789&0: [004D] GOTO_IF_FALSE 159803
00159803&0: [00D6] IF 0
00159807&0: [04C8] IS_CHAR_IN_FLYING_VEHICLE 258    // FALSE
00159812&0: [004D] GOTO_IF_FALSE 159826
00159826&0: [00D6] IF 0
00159830&0: [04A7] IS_CHAR_IN_ANY_BOAT 258    // FALSE
00159835&0: [004D] GOTO_IF_FALSE 159849
00159849&0: [00D6] IF 0
00159853&0: [00DD] IS_CHAR_IN_MODEL 258 539    // FALSE
00159861&0: [004D] GOTO_IF_FALSE 159875
00159875&0: [00D6] IF 0
00159879&0: [89E7] NOT IS_PLAYER_CONTROL_ON 0    // FALSE
00159884&0: [004D] GOTO_IF_FALSE 159898
00159898&0: [00D6] IF 0
00159902&0: [00DF] IS_CHAR_IN_ANY_CAR 258    // TRUE
00159907&1: [004D] GOTO_IF_FALSE 161386
00159914&1: [03C0] STORE_CAR_CHAR_IS_IN_NO_SAVE 258 -> 6159
00159922&1: [04FC] GET_WHEELIE_STATS 0 -> 0 0 0 0 0 0
00159945&1: [00D6] IF 0
00159949&0: [0020] g1323(0) > 0.0    // FALSE
00159959&0: [004D] GOTO_IF_FALSE 160144
00160144&0: [00D6] IF 0
00160148&0: [0020] g1330(0) > 0.0    // FALSE
00160158&0: [004D] GOTO_IF_FALSE 160349
00160349&0: [00D6] IF 0
00160353&0: [0020] g1337(0) > 0.0    // FALSE
00160363&0: [004D] GOTO_IF_FALSE 160540
00160540&0: [00D6] IF 0
00160544&0: [01F3] IS_CAR_IN_AIR_PROPER 6159    // FALSE
00160549&0: [004D] GOTO_IF_FALSE 161372
00161372&0: [0002] GOTO 159733
00159733&0: [0001] WAIT 0
Finished processing.

********************************************
 script apcheck
 Local variables dump:
 0 0 0 0 0 0 0 0 0 0 0 0 0 0 0 0
 0 0 0 0 0 0 0 0 0 0 0 0 0 0 0 0
 136874 136874
********************************************

00136014&0: [00D6] IF 0
00136018&0: [0256] IS_PLAYER_PLAYING 0    // TRUE
00136023&1: [004D] GOTO_IF_FALSE 136587
00136030&1: [00D6] IF 0
00136034&0: [00FE] LOCATE_CHAR_ANY_MEANS_3D 258 -1540.66 -435.786 6.039 65.0 65.0 10.0 0    // FALSE
00136071&0: [004D] GOTO_IF_FALSE 136229
00136229&0: [00D6] IF 0
00136233&0: [00FE] LOCATE_CHAR_ANY_MEANS_3D 258 1968.7 -2189.78 13.553 65.0 65.0 10.0 0    // FALSE
00136270&0: [004D] GOTO_IF_FALSE 136346
00136346&0: [00D6] IF 0
00136350&0: [00FE] LOCATE_CHAR_ANY_MEANS_3D 258 1703.4 1600.52 10.058 65.0 65.0 10.0 0    // FALSE
00136387&0: [004D] GOTO_IF_FALSE 136463
00136463&0: [00D6] IF 0
00136467&0: [00FE] LOCATE_CHAR_ANY_MEANS_3D 258 -1226.16 65.3807 13.0375 65.0 65.0 10.0 0    // FALSE
00136504&0: [004D] GOTO_IF_FALSE 136580
00136580&0: [0002] GOTO 136772
00136772&0: [0002] GOTO 136010
00136010&0: [0001] WAIT 0
Finished processing.

********************************************
 script tri
 Local variables dump:
 0 0 0 0 0 0 0 0 0 0 0 0 0 0 0 0
 0 0 0 0 0 0 0 0 0 0 0 0 0 0 0 0
 136874 136874
********************************************

00081226&0: [00D6] IF 0
00081230&0: [0038] g409(0) == 0    // TRUE
00081237&1: [004D] GOTO_IF_FALSE 81830
00081244&1: [00D6] IF 0
00081248&0: [0256] IS_PLAYER_PLAYING 0    // TRUE
00081253&1: [004D] GOTO_IF_FALSE 81830
00081260&1: [00D6] IF 21
00081264&0: [0038] g40(4) == 1    // FALSE
00081271&0: [0038] g40(4) == 7    // FALSE
00081278&0: [004D] GOTO_IF_FALSE 81830
00081830&0: [0002] GOTO 81222
00081222&0: [0001] WAIT 0
Finished processing.

********************************************
 script openup
 Local variables dump:
 0 0 0 0 0 0 0 0 0 0 0 0 0 0 0 0
 0 0 0 0 0 0 0 0 0 0 0 0 0 0 0 0
 136874 136874
********************************************

Finished processing.

********************************************
 script impnd_l
 Local variables dump:
 0 0 0 0 0 0 0 0 0 0 0 0 0 0 0 0
 0 0 0 0 0 0 0 0 0 0 0 0 0 0 0 0
 136874 136874
********************************************

00083616&0: [00D6] IF 0
00083620&0: [0256] IS_PLAYER_PLAYING 0    // TRUE
00083625&1: [004D] GOTO_IF_FALSE 84307
00083632&1: [00D6] IF 0
00083636&0: [04A3] g1866(1) == 1    // TRUE
00083643&1: [004D] GOTO_IF_FALSE 83790
00083650&1: [0926] COMMAND_0926 71 -> 0
00083657&1: [00D6] IF 0
00083661&0: [0038] g713(0) == 0    // TRUE
00083668&1: [004D] GOTO_IF_FALSE 83790
00083675&1: [00D6] IF 0
00083679&0: [00FE] LOCATE_CHAR_ANY_MEANS_3D 258 1579.42 -1636.46 14.5812 120.0 120.0 80.0 0    // FALSE
00083716&0: [004D] GOTO_IF_FALSE 83761
00083761&0: [00D6] IF 0
00083765&0: [0038] g1865(0) == 1    // FALSE
00083772&0: [004D] GOTO_IF_FALSE 83790
00083790&0: [00D6] IF 0
00083794&0: [04A3] g1866(1) == 2    // FALSE
00083801&0: [004D] GOTO_IF_FALSE 83991
00083991&0: [00D6] IF 0
00083995&0: [04A3] g1866(1) == 2    // FALSE
00084002&0: [004D] GOTO_IF_FALSE 84149
00084149&0: [00D6] IF 0
00084153&0: [04A3] g1866(1) == 3    // FALSE
00084160&0: [004D] GOTO_IF_FALSE 84307
00084307&0: [0002] GOTO 83612
00083612&0: [0001] WAIT 100
Finished processing.

********************************************
 script trainsl
 Local variables dump:
 0 0 0 0 0 0 0 0 0 0 0 0 0 0 0 0
 0 0 0 0 0 0 0 0 0 0 0 0 0 0 0 0
 136874 136874
********************************************

00084533&0: [00D6] IF 0
00084537&0: [0256] IS_PLAYER_PLAYING 0    // TRUE
00084542&1: [004D] GOTO_IF_FALSE 84633
00084549&1: [00D6] IF 0
00084553&0: [00DF] IS_CHAR_IN_ANY_CAR 258    // TRUE
00084558&1: [004D] GOTO_IF_FALSE 84633
00084565&1: [00D6] IF 0
00084569&0: [00DD] IS_CHAR_IN_MODEL 258 570    // FALSE
00084577&0: [004D] GOTO_IF_FALSE 84633
00084633&0: [0002] GOTO 84529
00084529&0: [0001] WAIT 0
Finished processing.

********************************************
 script adplane
 Local variables dump:
 0 0 0 0 0 0 0 0 0 0 0 0 0 0 0 0
 0 0 0 0 0 0 0 0 0 0 0 0 0 0 0 0
 136874 136874
********************************************

00084655&0: [00D6] IF 0
00084659&0: [0256] IS_PLAYER_PLAYING 0    // TRUE
00084664&1: [004D] GOTO_IF_FALSE 85604
00084671&1: [00D6] IF 0
00084675&0: [0038] g409(0) == 0    // TRUE
00084682&1: [004D] GOTO_IF_FALSE 85604
00084689&1: [00D6] IF 0
00084693&0: [04A3] g1866(1) == 1    // TRUE
00084700&1: [004D] GOTO_IF_FALSE 84964
00084707&1: [00D6] IF 0
00084711&0: [88B4] NOT IS_GLOBAL_VAR_BIT_SET_CONST 0 1    // TRUE
00084718&1: [004D] GOTO_IF_FALSE 84927
00084725&1: [0926] COMMAND_0926 32 -> 0
00084732&1: [00D6] IF 0
00084736&0: [0038] g713(0) == 0    // TRUE
00084743&1: [004D] GOTO_IF_FALSE 84920
00084750&1: [00D6] IF 0
00084754&0: [0038] g792(1) == 0    // FALSE
00084761&0: [004D] GOTO_IF_FALSE 84797
00084797&0: [00D6] IF 0
00084801&0: [03EE] CAN_PLAYER_START_MISSION 0    // TRUE
00084806&1: [004D] GOTO_IF_FALSE 84920
00084813&1: [00D6] IF 0
00084817&0: [00FF] LOCATE_CHAR_ON_FOOT_3D 258 1685.7 -2238.9 12.5 1.2 1.2 1.2 0    // FALSE
00084854&0: [004D] GOTO_IF_FALSE 84886
00084886&0: [00D6] IF 1
00084890&1: [08AB] HAS_STREAMED_SCRIPT_LOADED 32    // FALSE
00084894&0: [0038] g1802(0) == 1    // FALSE
00084901&0: [004D] GOTO_IF_FALSE 84920
00084920&0: [0002] GOTO 84957
00084957&0: [0002] GOTO 84994
00084994&0: [00D6] IF 0
00084998&0: [04A3] g1866(1) == 2    // FALSE
00085005&0: [004D] GOTO_IF_FALSE 85269
00085269&0: [00D6] IF 0
00085273&0: [0038] g793(0) == 1    // FALSE
00085280&0: [004D] GOTO_IF_FALSE 85299
00085299&0: [00D6] IF 0
00085303&0: [04A3] g1866(1) == 3    // FALSE
00085310&0: [004D] GOTO_IF_FALSE 85574
00085574&0: [00D6] IF 0
00085578&0: [0038] g794(0) == 1    // FALSE
00085585&0: [004D] GOTO_IF_FALSE 85604
00085604&0: [0002] GOTO 84651
00084651&0: [0001] WAIT 0
Finished processing.

********************************************
 script valet_l
 Local variables dump:
 0 0 0 0 0 0 0 0 0 0 0 0 0 0 0 0
 0 0 0 0 0 0 0 0 0 0 0 0 0 0 0 0
 136874 136874
********************************************

00084329&0: [00D6] IF 0
00084333&0: [0038] g1872(0) == 1    // FALSE
00084340&0: [004D] GOTO_IF_FALSE 84511
00084511&0: [0002] GOTO 84325
00084325&0: [0001] WAIT 0
Finished processing.

********************************************
 script buy_pro
 Local variables dump:
 0 0 0 0 0 0 0 0 0 0 0 0 0 0 0 0
 0 0 0 0 0 0 0 0 0 0 0 0 0 0 0 0
 136874 136874
********************************************

00083432&0: [00D6] IF 0
00083436&0: [0256] IS_PLAYER_PLAYING 0    // TRUE
00083441&1: [004D] GOTO_IF_FALSE 83562
00083448&1: [00D6] IF 0
00083452&0: [0038] g409(0) == 0    // TRUE
00083459&1: [004D] GOTO_IF_FALSE 83562
00083466&1: [00D6] IF 0
00083470&0: [0038] g753(0) == 0    // TRUE
00083481&1: [004D] GOTO_IF_FALSE 83562
00083488&1: [00D6] IF 0
00083492&0: [0214] HAS_PICKUP_BEEN_COLLECTED 131101    // FALSE
00083501&0: [004D] GOTO_IF_FALSE 83562
00083562&0: [0008] g727(25) += 1
00083569&0: [00D6] IF 0
00083573&0: [0028] g727(26) >= 32    // FALSE
00083580&0: [004D] GOTO_IF_FALSE 83594
00083594&0: [0002] GOTO 83428
00083428&0: [0001] WAIT 0
Finished processing.

********************************************
 script cranes
 Local variables dump:
 0 0 0 0 0 0 0 0 0 0 0 0 0 0 0 0
 0 0 0 0 0 0 0 0 0 0 0 0 0 0 0 0
 136874 136874
********************************************

00098803&0: [00D6] IF 0
00098807&0: [0256] IS_PLAYER_PLAYING 0    // TRUE
00098812&1: [004D] GOTO_IF_FALSE 99266
00098819&1: [00D6] IF 0
00098823&0: [00EC] LOCATE_CHAR_ANY_MEANS_2D 258 -2080.44 256.015 10.0 10.0 0    // FALSE
00098850&0: [004D] GOTO_IF_FALSE 98927
00098927&0: [00D6] IF 0
00098931&0: [00EC] LOCATE_CHAR_ANY_MEANS_2D 258 2399.2 1879.14 10.0 10.0 0    // FALSE
00098958&0: [004D] GOTO_IF_FALSE 99035
00099035&0: [00D6] IF 0
00099039&0: [03CA] DOES_OBJECT_EXIST 11522    // TRUE
00099044&1: [004D] GOTO_IF_FALSE 99152
00099051&1: [00D6] IF 0
00099055&0: [0471] LOCATE_CHAR_ANY_MEANS_OBJECT_2D 258 11522 50.0 50.0 0    // FALSE
00099075&0: [004D] GOTO_IF_FALSE 99152
00099152&0: [00D6] IF 0
00099156&0: [00EC] LOCATE_CHAR_ANY_MEANS_2D 258 709.45 915.93 10.0 10.0 0    // FALSE
00099183&0: [004D] GOTO_IF_FALSE 99266
00099266&0: [0002] GOTO 98799
00098799&0: [0001] WAIT 100
Finished processing.

********************************************
 script colls
 Local variables dump:
 0 0 0 0 0 0 0 0 0 0 0 0 0 0 0 0
 0 0 0 0 0 0 0 0 0 0 0 0 0 0 0 0
 136874 136874
********************************************

Finished processing.

********************************************
 script help
 Local variables dump:
 0 0 0 0 0 0 0 0 0 0 0 0 0 0 0 0
 0 0 0 0 0 0 0 0 0 0 0 0 0 0 0 0
 136874 136874
********************************************

Finished processing.

********************************************
 script flow
 Local variables dump:
 0 0 0 0 0 0 0 0 0 0 0 0 0 0 0 0
 0 0 0 0 0 0 0 0 0 0 0 0 0 0 0 0
 136874 136874
********************************************

Finished processing.

********************************************
 script psave1
 Local variables dump:
 0 0 0 0 0 0 0 0 0 0 0 0 0 0 0 0
 0 0 0 0 0 0 0 0 0 0 0 0 0 0 0 0
 136874 136874
********************************************

00087509&1: [00D6] IF 0
00087513&0: [0256] IS_PLAYER_PLAYING 0    // TRUE
00087518&1: [004D] GOTO_IF_FALSE 88311
00087525&1: [00D6] IF 0
00087529&0: [0038] g409(0) == 0    // TRUE
00087536&1: [004D] GOTO_IF_FALSE 88246
00087543&1: [00D6] IF 2
00087547&1: [0038] g2204(0) == 0    // TRUE
00087554&1: [88B4] NOT IS_GLOBAL_VAR_BIT_SET_CONST 0 20    // TRUE
00087561&1: [88B4] NOT IS_GLOBAL_VAR_BIT_SET_CONST 0 1    // TRUE
00087568&1: [004D] GOTO_IF_FALSE 88207
00087575&1: [00D6] IF 0
00087579&0: [0038] g884(1) == 0    // FALSE
00087586&0: [004D] GOTO_IF_FALSE 88021
00088021&0: [00D6] IF 0
00088025&0: [0214] HAS_PICKUP_BEEN_COLLECTED 262180    // FALSE
00088034&0: [004D] GOTO_IF_FALSE 88200
00088200&0: [0002] GOTO 88239
00088239&0: [0002] GOTO 88278
00088278&0: [0008] g883(0) += 1
00088285&0: [00D6] IF 0
00088289&0: [002C] g883(1) >= g885(13)     // FALSE
00088297&0: [004D] GOTO_IF_FALSE 88311
00088311&0: [0002] GOTO 87505
00087505&0: [0001] WAIT 0
Finished processing.

********************************************
 script kicks
 Local variables dump:
 0 0 0 0 0 0 0 0 0 0 0 0 0 0 0 0
 0 0 0 0 0 0 0 0 0 0 0 0 0 0 0 0
 136874 136874
********************************************

00080949&0: [00D6] IF 0
00080953&0: [0038] g409(0) == 0    // TRUE
00080960&1: [004D] GOTO_IF_FALSE 81204
00080967&1: [00D6] IF 0
00080971&0: [0256] IS_PLAYER_PLAYING 0    // TRUE
00080976&1: [004D] GOTO_IF_FALSE 81204
00080983&1: [00D6] IF 0
00080987&0: [00FF] LOCATE_CHAR_ON_FOOT_3D 258 1099.55 1601.5 11.5546 1.4 1.8 1.5 0    // FALSE
00081018&0: [004D] GOTO_IF_FALSE 81204
00081204&0: [0002] GOTO 80944
00080944&0: [0001] WAIT 250
Finished processing.

********************************************
 script hotr
 Local variables dump:
 0 0 0 0 0 0 0 0 0 0 0 0 0 0 0 0
 0 0 0 0 0 0 0 0 0 0 0 0 0 0 0 0
 136874 136874
********************************************

00080743&0: [00D6] IF 0
00080747&0: [0038] g409(0) == 0    // TRUE
00080754&1: [004D] GOTO_IF_FALSE 80926
00080761&1: [00D6] IF 0
00080765&0: [0256] IS_PLAYER_PLAYING 0    // TRUE
00080770&1: [004D] GOTO_IF_FALSE 80926
00080777&1: [00D6] IF 0
00080781&0: [00FF] LOCATE_CHAR_ON_FOOT_3D 258 2695.62 -1704.69 10.8437 1.4 1.8 1.5 0    // FALSE
00080812&0: [004D] GOTO_IF_FALSE 80926
00080926&0: [0002] GOTO 80738
00080738&0: [0001] WAIT 250
Finished processing.

********************************************
 script bloodr
 Local variables dump:
 0 0 0 0 0 0 0 0 0 0 0 0 0 0 0 0
 0 0 0 0 0 0 0 0 0 0 0 0 0 0 0 0
 136874 136874
********************************************

00080600&0: [00D6] IF 0
00080604&0: [0038] g409(0) == 0    // TRUE
00080611&1: [004D] GOTO_IF_FALSE 80720
00080618&1: [00D6] IF 0
00080622&0: [0256] IS_PLAYER_PLAYING 0    // TRUE
00080627&1: [004D] GOTO_IF_FALSE 80720
00080634&1: [00D6] IF 0
00080638&0: [00FF] LOCATE_CHAR_ON_FOOT_3D 258 -2120.04 -444.284 34.5312 1.4 1.8 1.5 0    // FALSE
00080669&0: [004D] GOTO_IF_FALSE 80720
00080720&0: [0002] GOTO 80595
00080595&0: [0001] WAIT 250
Finished processing.

********************************************
 script shoot
 Local variables dump:
 0 0 0 0 0 0 0 0 0 0 0 0 0 0 0 0
 0 0 0 0 0 0 0 0 0 0 0 0 0 0 0 0
 136874 136874
********************************************

Finished processing.

********************************************
 script gym
 Local variables dump:
 0 0 0 0 0 0 0 0 0 0 0 0 0 0 0 0
 0 0 0 0 0 0 0 0 0 0 0 0 0 0 0 0
 136874 136874
********************************************

Finished processing.

********************************************
 script r3
 Local variables dump:
 0 0 0 0 0 0 0 0 0 0 0 0 0 0 0 0
 0 0 0 0 0 0 0 0 0 0 0 0 0 0 0 0
 136874 136874
********************************************

Finished processing.

********************************************
 script oddveh
 Local variables dump:
 0 0 0 0 0 0 0 0 0 0 0 0 0 0 0 0
 0 0 0 0 0 0 0 0 0 0 0 0 0 0 0 0
 136874 136874
********************************************

00081853&0: [00D6] IF 0
00081857&0: [0256] IS_PLAYER_PLAYING 0    // TRUE
00081862&1: [004D] GOTO_IF_FALSE 82986
00081869&1: [00D6] IF 0
00081873&0: [0038] g409(0) == 0    // TRUE
00081880&1: [004D] GOTO_IF_FALSE 82986
00081887&1: [00D6] IF 0
00081891&0: [00DF] IS_CHAR_IN_ANY_CAR 258    // TRUE
00081896&1: [004D] GOTO_IF_FALSE 82951
00081903&1: [00D6] IF 0
00081907&0: [00DD] IS_CHAR_IN_MODEL 258 481    // FALSE
00081915&0: [004D] GOTO_IF_FALSE 81971
00081971&0: [00D6] IF 0
00081975&0: [00DD] IS_CHAR_IN_MODEL 258 463    // FALSE
00081983&0: [004D] GOTO_IF_FALSE 82039
00082039&0: [00D6] IF 0
00082043&0: [00DD] IS_CHAR_IN_MODEL 258 462    // FALSE
00082051&0: [004D] GOTO_IF_FALSE 82107
00082107&0: [00D6] IF 0
00082111&0: [00DD] IS_CHAR_IN_MODEL 258 481    // FALSE
00082119&0: [004D] GOTO_IF_FALSE 82172
00082172&0: [00D6] IF 0
00082176&0: [00DD] IS_CHAR_IN_MODEL 258 463    // FALSE
00082184&0: [004D] GOTO_IF_FALSE 82237
00082237&0: [00D6] IF 0
00082241&0: [00DD] IS_CHAR_IN_MODEL 258 462    // FALSE
00082249&0: [004D] GOTO_IF_FALSE 82302
00082302&0: [00D6] IF 0
00082306&0: [00DD] IS_CHAR_IN_MODEL 258 510    // FALSE
00082314&0: [004D] GOTO_IF_FALSE 82370
00082370&0: [00D6] IF 1
00082374&1: [00DD] IS_CHAR_IN_MODEL 258 510    // FALSE
00082382&0: [0038] g175(0) == 0    // TRUE
00082389&0: [004D] GOTO_IF_FALSE 82559
00082559&0: [00D6] IF 0
00082563&0: [0038] g1805(0) == 1    // FALSE
00082570&0: [004D] GOTO_IF_FALSE 82584
00082584&0: [00D6] IF 0
00082588&0: [00DD] IS_CHAR_IN_MODEL 258 481    // FALSE
00082596&0: [004D] GOTO_IF_FALSE 82652
00082652&0: [00D6] IF 1
00082656&1: [00DD] IS_CHAR_IN_MODEL 258 481    // FALSE
00082664&0: [0038] g152(0) == 0    // TRUE
00082671&0: [004D] GOTO_IF_FALSE 82790
00082790&0: [00D6] IF 0
00082794&0: [0038] g724(0) == 1    // FALSE
00082801&0: [004D] GOTO_IF_FALSE 82815
00082815&0: [00D6] IF 0
00082819&0: [00DD] IS_CHAR_IN_MODEL 258 522    // FALSE
00082827&0: [004D] GOTO_IF_FALSE 82883
00082883&0: [00D6] IF 1
00082887&1: [00DD] IS_CHAR_IN_MODEL 258 522    // FALSE
00082895&0: [0038] g153(0) == 0    // TRUE
00082902&0: [004D] GOTO_IF_FALSE 82944
00082944&0: [0002] GOTO 82986
00082986&0: [0002] GOTO 81848
00081848&0: [0001] WAIT 250
Finished processing.

********************************************
 script main
 Local variables dump:
 0 0 0 0 0 0 0 0 0 0 0 0 0 0 0 0
 0 0 0 0 0 0 0 0 0 0 0 0 0 0 0 0
 136877 136877
********************************************

00060055&0: [00D6] IF 0
00060059&0: [0256] IS_PLAYER_PLAYING 0    // TRUE
00060064&1: [004D] GOTO_IF_FALSE 61784
00060071&1: [077E] GET_AREA_VISIBLE -> 0
00060076&1: [0652] GET_INT_STAT 181 -> 0
00060084&1: [07D0] GET_CURRENT_DAY_OF_WEEK -> 4
00060089&1: [09FB] GET_CURRENT_LANGUAGE -> 0
00060094&1: [0842] GET_CITY_PLAYER_IS_IN 0 -> 1
00060102&1: [01BD] GET_GAME_TIMER -> 137100
00060107&1: [00D6] IF 0
00060111&0: [0038] g672(0) == 1    // FALSE
00060118&0: [004D] GOTO_IF_FALSE 60190
00060190&0: [00D6] IF 24
00060194&0: [03B0] IS_GARAGE_OPEN "BODLAWN"    // FALSE
00060205&0: [03B0] IS_GARAGE_OPEN "MODLAST"    // FALSE
00060216&0: [03B0] IS_GARAGE_OPEN "MDSSFSE"    // FALSE
00060227&0: [03B0] IS_GARAGE_OPEN "MDS1SFS"    // FALSE
00060238&0: [03B0] IS_GARAGE_OPEN "VECMOD"    // FALSE
00060249&0: [004D] GOTO_IF_FALSE 60312
00060312&0: [090F] COMMAND_090F 66
00060316&0: [00D6] IF 0
00060320&0: [0491] HAS_CHAR_GOT_WEAPON 258 46    // FALSE
00060327&0: [004D] GOTO_IF_FALSE 60390
00060390&0: [090F] COMMAND_090F 0
00060394&0: [00D6] IF 1
00060398&1: [0491] HAS_CHAR_GOT_WEAPON 258 43    // FALSE
00060405&0: [0038] g409(0) == 0    // TRUE
00060412&0: [004D] GOTO_IF_FALSE 60475
00060475&0: [090F] COMMAND_090F 75
00060479&0: [00D6] IF 0
00060483&0: [0038] g409(0) == 0    // TRUE
00060490&1: [004D] GOTO_IF_FALSE 61471
00060497&1: [00D6] IF 0
00060501&0: [001A] 10 g545(0) >    // TRUE
00060508&1: [004D] GOTO_IF_FALSE 60948
00060515&1: [00D6] IF 0
00060519&0: [0018] g64(0) > 2    // FALSE
00060526&0: [004D] GOTO_IF_FALSE 60948
00060948&0: [00D6] IF 1
00060952&1: [0038] g195(0) == 1    // FALSE
00060959&0: [0038] g409(0) == 0    // TRUE
00060966&0: [004D] GOTO_IF_FALSE 61169
00061169&0: [0871] SWITCH_START -1 8 0 61464 0 61297 1 61315 2 61333 3 61351 4 61369 5 61387 6 61405
00061232&0: [0872] SWITCH_CONTINUED 7 61423 -1 61464 -1 61464 -1 61464 -1 61464 -1 61464 -1 61464 -1 61464 -1 61464
00061464&0: [0002] GOTO 61510
00061510&0: [00D6] IF 0
00061514&0: [0256] IS_PLAYER_PLAYING 0    // TRUE
00061519&1: [004D] GOTO_IF_FALSE 61784
00061526&1: [00D6] IF 0
00061530&0: [00A3] IS_CHAR_IN_AREA_2D 258 2037.54 2365.37 2117.18 2483.92 0    // FALSE
00061557&0: [004D] GOTO_IF_FALSE 61620
00061620&0: [090F] COMMAND_090F 70
00061624&0: [00D6] IF 0
00061628&0: [04A3] g1866(1) == 1    // TRUE
00061635&1: [004D] GOTO_IF_FALSE 61784
00061642&1: [00D6] IF 0
00061646&0: [00FE] LOCATE_CHAR_ANY_MEANS_3D 258 658.007 -1866.31 4.4537 15.0 15.0 15.0 0    // FALSE
00061683&0: [004D] GOTO_IF_FALSE 61759
00061759&0: [00D6] IF 0
00061763&0: [0038] g157(0) == 1    // FALSE
00061770&0: [004D] GOTO_IF_FALSE 61784
00061784&0: [0002] GOTO 60051
00060051&0: [0001] WAIT 0
Finished processing.

********************************************
 script grecrui
 Local variables dump:
 1159353795 -993057769 1096061190 258 0 0 1159507352 -992976139 1096172608 0 3860 2819 2 4876 0 0
 7 0 0 0 0 107 6159 0 0 0 0 0 0 0 0 0
 136877 136877
********************************************

Finished processing.

*********************************
> Logging finished: 16:04:57
  Powered by SCRLog (by LINK/2012)
  GTA:VC JP support by lazyuselessman
  Improvements by Junior_Djjr
*********************************
